<?xml version="1.0" encoding="UTF-8"?>
<coverage generated="1747389901405" clover="3.2.0">
  <project timestamp="1747389901405" name="All files">
    <metrics statements="470" coveredstatements="221" conditionals="377" coveredconditionals="135" methods="95" coveredmethods="44" elements="942" coveredelements="400" complexity="0" loc="470" ncloc="470" packages="2" files="3" classes="3"/>
    <package name="src">
      <metrics statements="378" coveredstatements="152" conditionals="305" coveredconditionals="89" methods="88" coveredmethods="39"/>
      <file name="aemet.ts" path="C:\INFORMATICA\STW\Proyecto\BACKEND\fuentes_de_datos\aemet\src\aemet.ts">
        <metrics statements="378" coveredstatements="152" conditionals="305" coveredconditionals="89" methods="88" coveredmethods="39"/>
        <line num="16" count="2" type="stmt"/>
        <line num="22" count="2" type="stmt"/>
        <line num="31" count="2" type="stmt"/>
        <line num="35" count="31" type="stmt"/>
        <line num="36" count="31" type="stmt"/>
        <line num="44" count="31" type="cond" truecount="1" falsecount="0"/>
        <line num="45" count="1" type="stmt"/>
        <line num="48" count="30" type="stmt"/>
        <line num="49" count="30" type="cond" truecount="2" falsecount="0"/>
        <line num="50" count="30" type="cond" truecount="2" falsecount="0"/>
        <line num="59" count="5" type="cond" truecount="3" falsecount="0"/>
        <line num="60" count="3" type="stmt"/>
        <line num="63" count="2" type="stmt"/>
        <line num="64" count="2" type="stmt"/>
        <line num="65" count="2" type="stmt"/>
        <line num="68" count="1" type="cond" truecount="1" falsecount="1"/>
        <line num="69" count="1" type="cond" truecount="1" falsecount="1"/>
        <line num="72" count="1" type="stmt"/>
        <line num="73" count="1" type="stmt"/>
        <line num="74" count="1" type="stmt"/>
        <line num="77" count="1" type="stmt"/>
        <line num="79" count="1" type="stmt"/>
        <line num="88" count="1" type="cond" truecount="1" falsecount="0"/>
        <line num="89" count="1" type="stmt"/>
        <line num="91" count="0" type="stmt"/>
        <line num="101" count="2" type="cond" truecount="3" falsecount="0"/>
        <line num="102" count="1" type="stmt"/>
        <line num="105" count="1" type="stmt"/>
        <line num="106" count="1" type="stmt"/>
        <line num="107" count="1" type="stmt"/>
        <line num="110" count="1" type="cond" truecount="1" falsecount="1"/>
        <line num="111" count="1" type="cond" truecount="1" falsecount="1"/>
        <line num="114" count="1" type="stmt"/>
        <line num="115" count="1" type="stmt"/>
        <line num="116" count="1" type="stmt"/>
        <line num="119" count="1" type="cond" truecount="1" falsecount="1"/>
        <line num="122" count="1" type="stmt"/>
        <line num="124" count="1" type="stmt"/>
        <line num="134" count="0" type="cond" truecount="0" falsecount="1"/>
        <line num="135" count="0" type="stmt"/>
        <line num="137" count="0" type="stmt"/>
        <line num="146" count="2" type="stmt"/>
        <line num="147" count="2" type="stmt"/>
        <line num="148" count="2" type="stmt"/>
        <line num="150" count="1" type="cond" truecount="1" falsecount="0"/>
        <line num="151" count="1" type="stmt"/>
        <line num="153" count="0" type="stmt"/>
        <line num="162" count="2" type="stmt"/>
        <line num="163" count="2" type="stmt"/>
        <line num="164" count="2" type="stmt"/>
        <line num="166" count="1" type="cond" truecount="1" falsecount="0"/>
        <line num="167" count="1" type="stmt"/>
        <line num="169" count="0" type="stmt"/>
        <line num="178" count="2" type="stmt"/>
        <line num="179" count="2" type="stmt"/>
        <line num="180" count="2" type="stmt"/>
        <line num="182" count="1" type="cond" truecount="1" falsecount="0"/>
        <line num="183" count="1" type="stmt"/>
        <line num="185" count="0" type="stmt"/>
        <line num="194" count="2" type="stmt"/>
        <line num="195" count="2" type="stmt"/>
        <line num="196" count="2" type="stmt"/>
        <line num="198" count="1" type="cond" truecount="1" falsecount="0"/>
        <line num="199" count="1" type="stmt"/>
        <line num="201" count="0" type="stmt"/>
        <line num="212" count="6" type="stmt"/>
        <line num="214" count="6" type="cond" truecount="4" falsecount="1"/>
        <line num="215" count="0" type="stmt"/>
        <line num="218" count="6" type="stmt"/>
        <line num="220" count="6" type="cond" truecount="0" falsecount="1"/>
        <line num="221" count="0" type="stmt"/>
        <line num="225" count="6" type="stmt"/>
        <line num="228" count="6" type="stmt"/>
        <line num="229" count="6" type="stmt"/>
        <line num="231" count="6" type="cond" truecount="1" falsecount="0"/>
        <line num="233" count="6" type="cond" truecount="1" falsecount="1"/>
        <line num="239" count="6" type="cond" truecount="1" falsecount="1"/>
        <line num="246" count="6" type="stmt"/>
        <line num="255" count="0" type="cond" truecount="0" falsecount="2"/>
        <line num="256" count="0" type="stmt"/>
        <line num="258" count="0" type="stmt"/>
        <line num="262" count="0" type="stmt"/>
        <line num="279" count="6" type="cond" truecount="3" falsecount="1"/>
        <line num="280" count="0" type="stmt"/>
        <line num="284" count="6" type="stmt"/>
        <line num="285" count="6" type="cond" truecount="1" falsecount="1"/>
        <line num="286" count="6" type="cond" truecount="1" falsecount="2"/>
        <line num="290" count="6" type="cond" truecount="0" falsecount="1"/>
        <line num="292" count="0" type="stmt"/>
        <line num="294" count="0" type="stmt"/>
        <line num="295" count="0" type="cond" truecount="0" falsecount="1"/>
        <line num="296" count="0" type="cond" truecount="0" falsecount="2"/>
        <line num="301" count="0" type="stmt"/>
        <line num="302" count="0" type="stmt"/>
        <line num="304" count="0" type="stmt"/>
        <line num="305" count="0" type="cond" truecount="0" falsecount="1"/>
        <line num="306" count="0" type="stmt"/>
        <line num="307" count="0" type="stmt"/>
        <line num="311" count="0" type="stmt"/>
        <line num="315" count="6" type="stmt"/>
        <line num="316" count="6" type="cond" truecount="1" falsecount="0"/>
        <line num="317" count="6" type="stmt"/>
        <line num="321" count="0" type="stmt"/>
        <line num="329" count="3" type="stmt"/>
        <line num="330" count="3" type="stmt"/>
        <line num="331" count="3" type="stmt"/>
        <line num="333" count="3" type="cond" truecount="0" falsecount="1"/>
        <line num="334" count="0" type="stmt"/>
        <line num="337" count="3" type="stmt"/>
        <line num="339" count="6" type="stmt"/>
        <line num="340" count="6" type="stmt"/>
        <line num="342" count="6" type="stmt"/>
        <line num="354" count="0" type="cond" truecount="0" falsecount="1"/>
        <line num="355" count="0" type="stmt"/>
        <line num="357" count="0" type="stmt"/>
        <line num="367" count="12" type="cond" truecount="2" falsecount="1"/>
        <line num="368" count="0" type="stmt"/>
        <line num="371" count="12" type="stmt"/>
        <line num="373" count="12" type="cond" truecount="1" falsecount="0"/>
        <line num="374" count="12" type="stmt"/>
        <line num="378" count="0" type="stmt"/>
        <line num="379" count="0" type="stmt"/>
        <line num="381" count="0" type="cond" truecount="0" falsecount="1"/>
        <line num="382" count="0" type="cond" truecount="0" falsecount="2"/>
        <line num="385" count="0" type="stmt"/>
        <line num="386" count="0" type="stmt"/>
        <line num="387" count="0" type="stmt"/>
        <line num="390" count="0" type="stmt"/>
        <line num="393" count="0" type="cond" truecount="0" falsecount="3"/>
        <line num="394" count="0" type="stmt"/>
        <line num="397" count="0" type="stmt"/>
        <line num="399" count="0" type="stmt"/>
        <line num="400" count="0" type="stmt"/>
        <line num="410" count="2" type="stmt"/>
        <line num="411" count="2" type="stmt"/>
        <line num="412" count="2" type="stmt"/>
        <line num="414" count="2" type="stmt"/>
        <line num="415" count="4" type="stmt"/>
        <line num="416" count="4" type="stmt"/>
        <line num="418" count="4" type="cond" truecount="2" falsecount="0"/>
        <line num="421" count="0" type="cond" truecount="0" falsecount="1"/>
        <line num="422" count="0" type="stmt"/>
        <line num="424" count="0" type="stmt"/>
        <line num="434" count="5" type="cond" truecount="3" falsecount="0"/>
        <line num="435" count="1" type="stmt"/>
        <line num="439" count="4" type="cond" truecount="0" falsecount="1"/>
        <line num="440" count="0" type="cond" truecount="0" falsecount="1"/>
        <line num="441" count="0" type="stmt"/>
        <line num="444" count="0" type="stmt"/>
        <line num="445" count="0" type="stmt"/>
        <line num="446" count="0" type="stmt"/>
        <line num="449" count="0" type="cond" truecount="0" falsecount="2"/>
        <line num="451" count="0" type="cond" truecount="0" falsecount="5"/>
        <line num="452" count="0" type="stmt"/>
        <line num="456" count="0" type="stmt"/>
        <line num="464" count="0" type="stmt"/>
        <line num="467" count="0" type="cond" truecount="0" falsecount="3"/>
        <line num="468" count="0" type="stmt"/>
        <line num="470" count="0" type="cond" truecount="0" falsecount="3"/>
        <line num="471" count="0" type="stmt"/>
        <line num="472" count="0" type="cond" truecount="0" falsecount="1"/>
        <line num="475" count="0" type="cond" truecount="0" falsecount="2"/>
        <line num="476" count="0" type="stmt"/>
        <line num="477" count="0" type="stmt"/>
        <line num="479" count="0" type="stmt"/>
        <line num="506" count="0" type="cond" truecount="0" falsecount="3"/>
        <line num="508" count="0" type="stmt"/>
        <line num="515" count="0" type="stmt"/>
        <line num="516" count="0" type="stmt"/>
        <line num="523" count="4" type="stmt"/>
        <line num="524" count="4" type="stmt"/>
        <line num="526" count="4" type="stmt"/>
        <line num="527" count="4" type="stmt"/>
        <line num="530" count="4" type="cond" truecount="1" falsecount="1"/>
        <line num="531" count="4" type="stmt"/>
        <line num="532" count="0" type="cond" truecount="0" falsecount="1"/>
        <line num="533" count="0" type="stmt"/>
        <line num="536" count="4" type="cond" truecount="2" falsecount="0"/>
        <line num="537" count="3" type="stmt"/>
        <line num="538" count="1" type="cond" truecount="1" falsecount="0"/>
        <line num="539" count="1" type="stmt"/>
        <line num="543" count="3" type="stmt"/>
        <line num="544" count="3" type="stmt"/>
        <line num="547" count="3" type="stmt"/>
        <line num="548" count="3" type="stmt"/>
        <line num="550" count="3" type="stmt"/>
        <line num="556" count="3" type="stmt"/>
        <line num="562" count="3" type="cond" truecount="2" falsecount="1"/>
        <line num="563" count="0" type="stmt"/>
        <line num="566" count="3" type="stmt"/>
        <line num="568" count="3" type="stmt"/>
        <line num="570" count="3" type="stmt"/>
        <line num="572" count="3" type="stmt"/>
        <line num="575" count="2" type="cond" truecount="2" falsecount="1"/>
        <line num="576" count="0" type="stmt"/>
        <line num="580" count="2" type="stmt"/>
        <line num="588" count="4" type="stmt"/>
        <line num="610" count="2" type="stmt"/>
        <line num="612" count="2" type="stmt"/>
        <line num="618" count="1" type="cond" truecount="1" falsecount="0"/>
        <line num="619" count="1" type="stmt"/>
        <line num="621" count="0" type="stmt"/>
        <line num="632" count="0" type="stmt"/>
        <line num="633" count="0" type="stmt"/>
        <line num="634" count="0" type="stmt"/>
        <line num="636" count="0" type="stmt"/>
        <line num="637" count="0" type="stmt"/>
        <line num="640" count="0" type="cond" truecount="0" falsecount="1"/>
        <line num="641" count="0" type="stmt"/>
        <line num="644" count="0" type="stmt"/>
        <line num="645" count="0" type="stmt"/>
        <line num="646" count="0" type="cond" truecount="0" falsecount="1"/>
        <line num="647" count="0" type="stmt"/>
        <line num="661" count="0" type="cond" truecount="0" falsecount="1"/>
        <line num="662" count="0" type="stmt"/>
        <line num="663" count="0" type="stmt"/>
        <line num="672" count="0" type="stmt"/>
        <line num="673" count="0" type="stmt"/>
        <line num="674" count="0" type="stmt"/>
        <line num="675" count="0" type="stmt"/>
        <line num="678" count="0" type="stmt"/>
        <line num="679" count="0" type="stmt"/>
        <line num="680" count="0" type="stmt"/>
        <line num="681" count="0" type="cond" truecount="0" falsecount="2"/>
        <line num="684" count="0" type="stmt"/>
        <line num="685" count="0" type="stmt"/>
        <line num="686" count="0" type="stmt"/>
        <line num="687" count="0" type="stmt"/>
        <line num="688" count="0" type="stmt"/>
        <line num="691" count="0" type="stmt"/>
        <line num="692" count="0" type="stmt"/>
        <line num="693" count="0" type="stmt"/>
        <line num="695" count="0" type="stmt"/>
        <line num="699" count="0" type="stmt"/>
        <line num="700" count="0" type="stmt"/>
        <line num="701" count="0" type="stmt"/>
        <line num="704" count="0" type="stmt"/>
        <line num="705" count="0" type="stmt"/>
        <line num="706" count="0" type="cond" truecount="0" falsecount="2"/>
        <line num="709" count="0" type="stmt"/>
        <line num="715" count="0" type="stmt"/>
        <line num="726" count="0" type="stmt"/>
        <line num="728" count="0" type="cond" truecount="0" falsecount="1"/>
        <line num="729" count="0" type="stmt"/>
        <line num="731" count="0" type="stmt"/>
        <line num="737" count="0" type="cond" truecount="0" falsecount="1"/>
        <line num="739" count="0" type="stmt"/>
        <line num="740" count="0" type="stmt"/>
        <line num="741" count="0" type="stmt"/>
        <line num="742" count="0" type="stmt"/>
        <line num="744" count="0" type="stmt"/>
        <line num="745" count="0" type="stmt"/>
        <line num="754" count="5" type="cond" truecount="3" falsecount="0"/>
        <line num="755" count="8" type="stmt"/>
        <line num="764" count="4" type="cond" truecount="3" falsecount="0"/>
        <line num="765" count="6" type="stmt"/>
        <line num="769" count="12" type="cond" truecount="0" falsecount="1"/>
        <line num="770" count="12" type="cond" truecount="1" falsecount="1"/>
        <line num="787" count="0" type="stmt"/>
        <line num="789" count="0" type="cond" truecount="0" falsecount="2"/>
        <line num="791" count="0" type="cond" truecount="0" falsecount="3"/>
        <line num="792" count="0" type="stmt"/>
        <line num="796" count="0" type="stmt"/>
        <line num="797" count="0" type="stmt"/>
        <line num="800" count="0" type="cond" truecount="0" falsecount="2"/>
        <line num="802" count="0" type="cond" truecount="0" falsecount="4"/>
        <line num="803" count="0" type="stmt"/>
        <line num="807" count="0" type="stmt"/>
        <line num="810" count="0" type="cond" truecount="0" falsecount="2"/>
        <line num="813" count="0" type="cond" truecount="0" falsecount="3"/>
        <line num="815" count="0" type="stmt"/>
        <line num="824" count="0" type="stmt"/>
        <line num="825" count="0" type="stmt"/>
        <line num="836" count="0" type="stmt"/>
        <line num="838" count="0" type="cond" truecount="0" falsecount="3"/>
        <line num="839" count="0" type="stmt"/>
        <line num="843" count="0" type="cond" truecount="0" falsecount="3"/>
        <line num="844" count="0" type="stmt"/>
        <line num="847" count="0" type="stmt"/>
        <line num="848" count="0" type="stmt"/>
        <line num="851" count="0" type="stmt"/>
        <line num="853" count="0" type="cond" truecount="0" falsecount="3"/>
        <line num="855" count="0" type="stmt"/>
        <line num="856" count="0" type="stmt"/>
        <line num="859" count="0" type="cond" truecount="0" falsecount="3"/>
        <line num="861" count="0" type="stmt"/>
        <line num="868" count="0" type="cond" truecount="0" falsecount="1"/>
        <line num="869" count="0" type="stmt"/>
        <line num="870" count="0" type="stmt"/>
        <line num="874" count="0" type="cond" truecount="0" falsecount="1"/>
        <line num="875" count="0" type="stmt"/>
        <line num="879" count="0" type="stmt"/>
        <line num="881" count="0" type="stmt"/>
        <line num="882" count="0" type="stmt"/>
        <line num="898" count="0" type="stmt"/>
        <line num="900" count="0" type="cond" truecount="0" falsecount="3"/>
        <line num="901" count="0" type="stmt"/>
        <line num="905" count="0" type="cond" truecount="0" falsecount="3"/>
        <line num="906" count="0" type="stmt"/>
        <line num="910" count="0" type="stmt"/>
        <line num="912" count="0" type="cond" truecount="0" falsecount="1"/>
        <line num="913" count="0" type="stmt"/>
        <line num="917" count="0" type="cond" truecount="0" falsecount="3"/>
        <line num="918" count="0" type="stmt"/>
        <line num="922" count="0" type="stmt"/>
        <line num="923" count="0" type="stmt"/>
        <line num="926" count="0" type="cond" truecount="0" falsecount="3"/>
        <line num="927" count="0" type="stmt"/>
        <line num="931" count="0" type="stmt"/>
        <line num="933" count="0" type="stmt"/>
        <line num="934" count="0" type="stmt"/>
        <line num="947" count="0" type="stmt"/>
        <line num="948" count="0" type="stmt"/>
        <line num="949" count="0" type="stmt"/>
        <line num="951" count="0" type="stmt"/>
        <line num="954" count="0" type="stmt"/>
        <line num="955" count="0" type="stmt"/>
        <line num="964" count="0" type="stmt"/>
        <line num="973" count="0" type="stmt"/>
        <line num="975" count="0" type="cond" truecount="0" falsecount="2"/>
        <line num="977" count="0" type="cond" truecount="0" falsecount="3"/>
        <line num="978" count="0" type="stmt"/>
        <line num="981" count="0" type="stmt"/>
        <line num="982" count="0" type="stmt"/>
        <line num="983" count="0" type="stmt"/>
        <line num="986" count="0" type="stmt"/>
        <line num="988" count="0" type="cond" truecount="0" falsecount="3"/>
        <line num="991" count="0" type="stmt"/>
        <line num="992" count="0" type="cond" truecount="0" falsecount="1"/>
        <line num="994" count="0" type="stmt"/>
        <line num="995" count="0" type="cond" truecount="0" falsecount="1"/>
        <line num="998" count="0" type="stmt"/>
        <line num="1001" count="0" type="cond" truecount="0" falsecount="1"/>
        <line num="1002" count="0" type="stmt"/>
        <line num="1005" count="0" type="cond" truecount="0" falsecount="2"/>
        <line num="1006" count="0" type="cond" truecount="0" falsecount="2"/>
        <line num="1007" count="0" type="stmt"/>
        <line num="1009" count="0" type="cond" truecount="0" falsecount="2"/>
        <line num="1010" count="0" type="stmt"/>
        <line num="1012" count="0" type="cond" truecount="0" falsecount="2"/>
        <line num="1013" count="0" type="cond" truecount="0" falsecount="2"/>
        <line num="1014" count="0" type="stmt"/>
        <line num="1016" count="0" type="stmt"/>
        <line num="1017" count="0" type="stmt"/>
        <line num="1018" count="0" type="stmt"/>
        <line num="1019" count="0" type="stmt"/>
        <line num="1022" count="0" type="stmt"/>
        <line num="1023" count="0" type="stmt"/>
        <line num="1025" count="0" type="stmt"/>
        <line num="1050" count="0" type="cond" truecount="0" falsecount="1"/>
        <line num="1051" count="0" type="stmt"/>
        <line num="1054" count="0" type="stmt"/>
        <line num="1056" count="0" type="stmt"/>
        <line num="1057" count="0" type="stmt"/>
        <line num="1067" count="1" type="stmt"/>
        <line num="1069" count="1" type="stmt"/>
        <line num="1072" count="1" type="cond" truecount="2" falsecount="1"/>
        <line num="1073" count="0" type="stmt"/>
        <line num="1077" count="2" type="stmt"/>
        <line num="1078" count="2" type="stmt"/>
        <line num="1079" count="2" type="stmt"/>
        <line num="1080" count="2" type="stmt"/>
        <line num="1081" count="2" type="stmt"/>
        <line num="1082" count="2" type="stmt"/>
        <line num="1085" count="1" type="stmt"/>
        <line num="1086" count="1" type="stmt"/>
        <line num="1087" count="2" type="stmt"/>
        <line num="1088" count="1" type="stmt"/>
        <line num="1089" count="1" type="stmt"/>
        <line num="1090" count="1" type="stmt"/>
        <line num="1091" count="2" type="stmt"/>
        <line num="1092" count="1" type="stmt"/>
        <line num="1093" count="1" type="stmt"/>
        <line num="1094" count="2" type="stmt"/>
        <line num="1096" count="1" type="stmt"/>
        <line num="1129" count="0" type="cond" truecount="0" falsecount="1"/>
        <line num="1130" count="0" type="stmt"/>
        <line num="1132" count="0" type="stmt"/>
      </file>
    </package>
    <package name="src.lib">
      <metrics statements="92" coveredstatements="69" conditionals="72" coveredconditionals="46" methods="7" coveredmethods="5"/>
      <file name="constants.ts" path="C:\INFORMATICA\STW\Proyecto\BACKEND\fuentes_de_datos\aemet\src\lib\constants.ts">
        <metrics statements="7" coveredstatements="7" conditionals="0" coveredconditionals="0" methods="0" coveredmethods="0"/>
        <line num="6" count="4" type="stmt"/>
        <line num="9" count="4" type="stmt"/>
        <line num="12" count="4" type="stmt"/>
        <line num="36" count="4" type="stmt"/>
        <line num="102" count="4" type="stmt"/>
        <line num="113" count="4" type="stmt"/>
        <line num="166" count="4" type="stmt"/>
      </file>
      <file name="utils.ts" path="C:\INFORMATICA\STW\Proyecto\BACKEND\fuentes_de_datos\aemet\src\lib\utils.ts">
        <metrics statements="85" coveredstatements="62" conditionals="72" coveredconditionals="46" methods="7" coveredmethods="5"/>
        <line num="5" count="4" type="stmt"/>
        <line num="6" count="4" type="stmt"/>
        <line num="15" count="4" type="cond" truecount="0" falsecount="1"/>
        <line num="16" count="6" type="stmt"/>
        <line num="17" count="6" type="stmt"/>
        <line num="18" count="6" type="stmt"/>
        <line num="20" count="6" type="stmt"/>
        <line num="21" count="6" type="stmt"/>
        <line num="22" count="6" type="stmt"/>
        <line num="25" count="6" type="stmt"/>
        <line num="35" count="4" type="cond" truecount="5" falsecount="0"/>
        <line num="36" count="1" type="stmt"/>
        <line num="40" count="3" type="stmt"/>
        <line num="41" count="3" type="cond" truecount="2" falsecount="2"/>
        <line num="44" count="0" type="stmt"/>
        <line num="45" count="0" type="stmt"/>
        <line num="47" count="0" type="stmt"/>
        <line num="51" count="3" type="stmt"/>
        <line num="55" count="3" type="cond" truecount="1" falsecount="1"/>
        <line num="56" count="3" type="stmt"/>
        <line num="57" count="3" type="cond" truecount="1" falsecount="0"/>
        <line num="58" count="1" type="stmt"/>
        <line num="62" count="2" type="cond" truecount="4" falsecount="1"/>
        <line num="63" count="2" type="stmt"/>
        <line num="64" count="2" type="stmt"/>
        <line num="65" count="2" type="stmt"/>
        <line num="74" count="1" type="stmt"/>
        <line num="75" count="1" type="cond" truecount="5" falsecount="0"/>
        <line num="78" count="1" type="stmt"/>
        <line num="79" count="1" type="stmt"/>
        <line num="81" count="0" type="stmt"/>
        <line num="86" count="1" type="cond" truecount="3" falsecount="1"/>
        <line num="87" count="1" type="stmt"/>
        <line num="88" count="0" type="cond" truecount="0" falsecount="2"/>
        <line num="90" count="0" type="stmt"/>
        <line num="91" count="0" type="cond" truecount="0" falsecount="3"/>
        <line num="92" count="0" type="stmt"/>
        <line num="94" count="0" type="stmt"/>
        <line num="98" count="0" type="stmt"/>
        <line num="101" count="1" type="stmt"/>
        <line num="103" count="1" type="stmt"/>
        <line num="104" count="1" type="cond" truecount="3" falsecount="0"/>
        <line num="105" count="1" type="stmt"/>
        <line num="107" count="1" type="cond" truecount="1" falsecount="1"/>
        <line num="111" count="0" type="stmt"/>
        <line num="112" count="0" type="stmt"/>
        <line num="115" count="0" type="cond" truecount="0" falsecount="4"/>
        <line num="118" count="5" type="cond" truecount="1" falsecount="1"/>
        <line num="121" count="5" type="cond" truecount="1" falsecount="1"/>
        <line num="122" count="5" type="stmt"/>
        <line num="124" count="5" type="cond" truecount="1" falsecount="2"/>
        <line num="125" count="0" type="stmt"/>
        <line num="127" count="0" type="stmt"/>
        <line num="128" count="0" type="stmt"/>
        <line num="129" count="0" type="stmt"/>
        <line num="130" count="0" type="stmt"/>
        <line num="133" count="5" type="cond" truecount="1" falsecount="0"/>
        <line num="134" count="2" type="stmt"/>
        <line num="136" count="2" type="cond" truecount="2" falsecount="0"/>
        <line num="138" count="1" type="stmt"/>
        <line num="139" count="1" type="cond" truecount="3" falsecount="1"/>
        <line num="141" count="0" type="cond" truecount="0" falsecount="2"/>
        <line num="142" count="0" type="stmt"/>
        <line num="144" count="0" type="stmt"/>
        <line num="147" count="1" type="stmt"/>
        <line num="149" count="1" type="cond" truecount="1" falsecount="1"/>
        <line num="150" count="1" type="stmt"/>
        <line num="152" count="0" type="stmt"/>
        <line num="155" count="3" type="stmt"/>
        <line num="160" count="0" type="cond" truecount="0" falsecount="2"/>
        <line num="168" count="4" type="stmt"/>
        <line num="169" count="5" type="cond" truecount="2" falsecount="0"/>
        <line num="177" count="4" type="stmt"/>
        <line num="178" count="9" type="stmt"/>
        <line num="187" count="4" type="stmt"/>
        <line num="188" count="8" type="cond" truecount="1" falsecount="0"/>
        <line num="189" count="3" type="stmt"/>
        <line num="190" count="3" type="stmt"/>
        <line num="191" count="3" type="stmt"/>
        <line num="194" count="8" type="cond" truecount="3" falsecount="0"/>
        <line num="195" count="1" type="stmt"/>
        <line num="198" count="7" type="stmt"/>
        <line num="200" count="7" type="cond" truecount="3" falsecount="0"/>
        <line num="201" count="2" type="stmt"/>
        <line num="204" count="11" type="cond" truecount="2" falsecount="0"/>
      </file>
    </package>
  </project>
</coverage>
