{"C:\\INFORMATICA\\STW\\Proyecto\\BACKEND\\fuentes_de_datos\\aemet\\src\\aemet.ts": {"path":"C:\\INFORMATICA\\STW\\Proyecto\\BACKEND\\fuentes_de_datos\\aemet\\src\\aemet.ts","statementMap":{"0":{"start":{"line":16,"column":0},"end":{"line":16,"column":null}},"1":{"start":{"line":22,"column":0},"end":{"line":22,"column":null}},"2":{"start":{"line":35,"column":10},"end":{"line":35,"column":56}},"3":{"start":{"line":36,"column":10},"end":{"line":36,"column":33}},"4":{"start":{"line":44,"column":4},"end":{"line":46,"column":5}},"5":{"start":{"line":45,"column":6},"end":{"line":45,"column":51}},"6":{"start":{"line":48,"column":4},"end":{"line":48,"column":25}},"7":{"start":{"line":49,"column":4},"end":{"line":49,"column":55}},"8":{"start":{"line":50,"column":4},"end":{"line":50,"column":54}},"9":{"start":{"line":59,"column":4},"end":{"line":61,"column":5}},"10":{"start":{"line":60,"column":6},"end":{"line":60,"column":69}},"11":{"start":{"line":63,"column":4},"end":{"line":92,"column":5}},"12":{"start":{"line":64,"column":18},"end":{"line":64,"column":88}},"13":{"start":{"line":65,"column":19},"end":{"line":65,"column":71}},"14":{"start":{"line":68,"column":19},"end":{"line":68,"column":37}},"15":{"start":{"line":69,"column":23},"end":{"line":69,"column":44}},"16":{"start":{"line":72,"column":20},"end":{"line":72,"column":52}},"17":{"start":{"line":73,"column":23},"end":{"line":73,"column":55}},"18":{"start":{"line":74,"column":20},"end":{"line":74,"column":52}},"19":{"start":{"line":77,"column":23},"end":{"line":77,"column":37}},"20":{"start":{"line":79,"column":6},"end":{"line":86,"column":8}},"21":{"start":{"line":88,"column":6},"end":{"line":90,"column":7}},"22":{"start":{"line":89,"column":8},"end":{"line":89,"column":76}},"23":{"start":{"line":91,"column":6},"end":{"line":91,"column":68}},"24":{"start":{"line":101,"column":4},"end":{"line":103,"column":5}},"25":{"start":{"line":102,"column":6},"end":{"line":102,"column":69}},"26":{"start":{"line":105,"column":4},"end":{"line":138,"column":5}},"27":{"start":{"line":106,"column":18},"end":{"line":106,"column":88}},"28":{"start":{"line":107,"column":19},"end":{"line":107,"column":71}},"29":{"start":{"line":110,"column":19},"end":{"line":110,"column":37}},"30":{"start":{"line":111,"column":23},"end":{"line":111,"column":44}},"31":{"start":{"line":114,"column":20},"end":{"line":114,"column":52}},"32":{"start":{"line":115,"column":23},"end":{"line":115,"column":55}},"33":{"start":{"line":116,"column":20},"end":{"line":116,"column":52}},"34":{"start":{"line":119,"column":23},"end":{"line":119,"column":50}},"35":{"start":{"line":122,"column":23},"end":{"line":122,"column":37}},"36":{"start":{"line":124,"column":6},"end":{"line":132,"column":8}},"37":{"start":{"line":134,"column":6},"end":{"line":136,"column":7}},"38":{"start":{"line":135,"column":8},"end":{"line":135,"column":85}},"39":{"start":{"line":137,"column":6},"end":{"line":137,"column":77}},"40":{"start":{"line":146,"column":4},"end":{"line":154,"column":5}},"41":{"start":{"line":147,"column":18},"end":{"line":147,"column":62}},"42":{"start":{"line":148,"column":6},"end":{"line":148,"column":66}},"43":{"start":{"line":150,"column":6},"end":{"line":152,"column":7}},"44":{"start":{"line":151,"column":8},"end":{"line":151,"column":77}},"45":{"start":{"line":153,"column":6},"end":{"line":153,"column":69}},"46":{"start":{"line":162,"column":4},"end":{"line":170,"column":5}},"47":{"start":{"line":163,"column":18},"end":{"line":163,"column":57}},"48":{"start":{"line":164,"column":6},"end":{"line":164,"column":66}},"49":{"start":{"line":166,"column":6},"end":{"line":168,"column":7}},"50":{"start":{"line":167,"column":8},"end":{"line":167,"column":77}},"51":{"start":{"line":169,"column":6},"end":{"line":169,"column":69}},"52":{"start":{"line":178,"column":4},"end":{"line":186,"column":5}},"53":{"start":{"line":179,"column":18},"end":{"line":179,"column":60}},"54":{"start":{"line":180,"column":6},"end":{"line":180,"column":66}},"55":{"start":{"line":182,"column":6},"end":{"line":184,"column":7}},"56":{"start":{"line":183,"column":8},"end":{"line":183,"column":82}},"57":{"start":{"line":185,"column":6},"end":{"line":185,"column":74}},"58":{"start":{"line":194,"column":4},"end":{"line":202,"column":5}},"59":{"start":{"line":195,"column":18},"end":{"line":195,"column":63}},"60":{"start":{"line":196,"column":6},"end":{"line":196,"column":66}},"61":{"start":{"line":198,"column":6},"end":{"line":200,"column":7}},"62":{"start":{"line":199,"column":8},"end":{"line":199,"column":85}},"63":{"start":{"line":201,"column":6},"end":{"line":201,"column":77}},"64":{"start":{"line":212,"column":4},"end":{"line":270,"column":5}},"65":{"start":{"line":214,"column":6},"end":{"line":216,"column":7}},"66":{"start":{"line":215,"column":8},"end":{"line":215,"column":66}},"67":{"start":{"line":218,"column":22},"end":{"line":218,"column":68}},"68":{"start":{"line":220,"column":6},"end":{"line":222,"column":7}},"69":{"start":{"line":221,"column":8},"end":{"line":221,"column":76}},"70":{"start":{"line":225,"column":23},"end":{"line":225,"column":71}},"71":{"start":{"line":228,"column":20},"end":{"line":228,"column":21}},"72":{"start":{"line":229,"column":20},"end":{"line":229,"column":21}},"73":{"start":{"line":231,"column":6},"end":{"line":244,"column":7}},"74":{"start":{"line":233,"column":8},"end":{"line":237,"column":19}},"75":{"start":{"line":239,"column":8},"end":{"line":243,"column":19}},"76":{"start":{"line":246,"column":6},"end":{"line":253,"column":8}},"77":{"start":{"line":255,"column":6},"end":{"line":259,"column":7}},"78":{"start":{"line":256,"column":8},"end":{"line":256,"column":82}},"79":{"start":{"line":258,"column":8},"end":{"line":258,"column":76}},"80":{"start":{"line":262,"column":6},"end":{"line":269,"column":8}},"81":{"start":{"line":279,"column":4},"end":{"line":281,"column":5}},"82":{"start":{"line":280,"column":6},"end":{"line":280,"column":18}},"83":{"start":{"line":284,"column":26},"end":{"line":287,"column":6}},"84":{"start":{"line":285,"column":22},"end":{"line":285,"column":71}},"85":{"start":{"line":286,"column":6},"end":{"line":286,"column":63}},"86":{"start":{"line":290,"column":4},"end":{"line":312,"column":5}},"87":{"start":{"line":292,"column":49},"end":{"line":292,"column":51}},"88":{"start":{"line":294,"column":6},"end":{"line":298,"column":9}},"89":{"start":{"line":295,"column":8},"end":{"line":297,"column":9}},"90":{"start":{"line":296,"column":10},"end":{"line":296,"column":71}},"91":{"start":{"line":301,"column":25},"end":{"line":301,"column":29}},"92":{"start":{"line":302,"column":21},"end":{"line":302,"column":22}},"93":{"start":{"line":304,"column":6},"end":{"line":309,"column":9}},"94":{"start":{"line":305,"column":8},"end":{"line":308,"column":9}},"95":{"start":{"line":306,"column":10},"end":{"line":306,"column":31}},"96":{"start":{"line":307,"column":10},"end":{"line":307,"column":27}},"97":{"start":{"line":311,"column":6},"end":{"line":311,"column":26}},"98":{"start":{"line":315,"column":4},"end":{"line":319,"column":5}},"99":{"start":{"line":316,"column":6},"end":{"line":318,"column":7}},"100":{"start":{"line":317,"column":8},"end":{"line":317,"column":27}},"101":{"start":{"line":321,"column":4},"end":{"line":321,"column":16}},"102":{"start":{"line":329,"column":4},"end":{"line":358,"column":5}},"103":{"start":{"line":330,"column":18},"end":{"line":330,"column":64}},"104":{"start":{"line":331,"column":19},"end":{"line":331,"column":71}},"105":{"start":{"line":333,"column":6},"end":{"line":335,"column":7}},"106":{"start":{"line":334,"column":8},"end":{"line":334,"column":92}},"107":{"start":{"line":337,"column":6},"end":{"line":352,"column":9}},"108":{"start":{"line":339,"column":35},"end":{"line":339,"column":76}},"109":{"start":{"line":340,"column":36},"end":{"line":340,"column":78}},"110":{"start":{"line":342,"column":8},"end":{"line":351,"column":10}},"111":{"start":{"line":354,"column":6},"end":{"line":356,"column":7}},"112":{"start":{"line":355,"column":8},"end":{"line":355,"column":77}},"113":{"start":{"line":357,"column":6},"end":{"line":357,"column":69}},"114":{"start":{"line":367,"column":4},"end":{"line":369,"column":5}},"115":{"start":{"line":368,"column":6},"end":{"line":368,"column":15}},"116":{"start":{"line":371,"column":4},"end":{"line":401,"column":5}},"117":{"start":{"line":373,"column":6},"end":{"line":375,"column":7}},"118":{"start":{"line":374,"column":8},"end":{"line":374,"column":33}},"119":{"start":{"line":378,"column":24},"end":{"line":378,"column":39}},"120":{"start":{"line":379,"column":22},"end":{"line":379,"column":40}},"121":{"start":{"line":381,"column":6},"end":{"line":383,"column":7}},"122":{"start":{"line":382,"column":8},"end":{"line":382,"column":38}},"123":{"start":{"line":385,"column":22},"end":{"line":385,"column":55}},"124":{"start":{"line":386,"column":22},"end":{"line":386,"column":55}},"125":{"start":{"line":387,"column":22},"end":{"line":387,"column":55}},"126":{"start":{"line":390,"column":20},"end":{"line":390,"column":63}},"127":{"start":{"line":393,"column":6},"end":{"line":395,"column":7}},"128":{"start":{"line":394,"column":8},"end":{"line":394,"column":27}},"129":{"start":{"line":397,"column":6},"end":{"line":397,"column":21}},"130":{"start":{"line":399,"column":6},"end":{"line":399,"column":64}},"131":{"start":{"line":400,"column":6},"end":{"line":400,"column":15}},"132":{"start":{"line":410,"column":4},"end":{"line":425,"column":5}},"133":{"start":{"line":411,"column":23},"end":{"line":411,"column":54}},"134":{"start":{"line":412,"column":30},"end":{"line":412,"column":98}},"135":{"start":{"line":414,"column":6},"end":{"line":419,"column":9}},"136":{"start":{"line":415,"column":31},"end":{"line":415,"column":108}},"137":{"start":{"line":416,"column":35},"end":{"line":416,"column":115}},"138":{"start":{"line":418,"column":8},"end":{"line":418,"column":104}},"139":{"start":{"line":421,"column":6},"end":{"line":423,"column":7}},"140":{"start":{"line":422,"column":8},"end":{"line":422,"column":72}},"141":{"start":{"line":424,"column":6},"end":{"line":424,"column":64}},"142":{"start":{"line":434,"column":4},"end":{"line":436,"column":5}},"143":{"start":{"line":435,"column":6},"end":{"line":435,"column":74}},"144":{"start":{"line":439,"column":4},"end":{"line":518,"column":5}},"145":{"start":{"line":440,"column":6},"end":{"line":442,"column":7}},"146":{"start":{"line":441,"column":8},"end":{"line":441,"column":71}},"147":{"start":{"line":444,"column":6},"end":{"line":517,"column":7}},"148":{"start":{"line":445,"column":20},"end":{"line":445,"column":104}},"149":{"start":{"line":446,"column":21},"end":{"line":446,"column":73}},"150":{"start":{"line":449,"column":30},"end":{"line":449,"column":66}},"151":{"start":{"line":451,"column":8},"end":{"line":453,"column":9}},"152":{"start":{"line":452,"column":10},"end":{"line":452,"column":54}},"153":{"start":{"line":456,"column":40},"end":{"line":461,"column":10}},"154":{"start":{"line":464,"column":39},"end":{"line":464,"column":41}},"155":{"start":{"line":467,"column":8},"end":{"line":503,"column":9}},"156":{"start":{"line":468,"column":10},"end":{"line":502,"column":11}},"157":{"start":{"line":470,"column":12},"end":{"line":501,"column":13}},"158":{"start":{"line":471,"column":14},"end":{"line":500,"column":15}},"159":{"start":{"line":472,"column":16},"end":{"line":472,"column":46}},"160":{"start":{"line":472,"column":37},"end":{"line":472,"column":46}},"161":{"start":{"line":475,"column":38},"end":{"line":475,"column":115}},"162":{"start":{"line":475,"column":74},"end":{"line":475,"column":102}},"163":{"start":{"line":476,"column":36},"end":{"line":476,"column":106}},"164":{"start":{"line":476,"column":70},"end":{"line":476,"column":98}},"165":{"start":{"line":477,"column":31},"end":{"line":477,"column":100}},"166":{"start":{"line":477,"column":71},"end":{"line":477,"column":99}},"167":{"start":{"line":479,"column":16},"end":{"line":499,"column":19}},"168":{"start":{"line":506,"column":25},"end":{"line":506,"column":85}},"169":{"start":{"line":508,"column":8},"end":{"line":513,"column":10}},"170":{"start":{"line":515,"column":8},"end":{"line":515,"column":72}},"171":{"start":{"line":516,"column":8},"end":{"line":516,"column":52}},"172":{"start":{"line":523,"column":28},"end":{"line":523,"column":49}},"173":{"start":{"line":524,"column":26},"end":{"line":524,"column":68}},"174":{"start":{"line":526,"column":19},"end":{"line":526,"column":35}},"175":{"start":{"line":527,"column":19},"end":{"line":527,"column":33}},"176":{"start":{"line":530,"column":4},"end":{"line":534,"column":5}},"177":{"start":{"line":531,"column":6},"end":{"line":531,"column":51}},"178":{"start":{"line":532,"column":11},"end":{"line":534,"column":5}},"179":{"start":{"line":533,"column":6},"end":{"line":533,"column":99}},"180":{"start":{"line":536,"column":4},"end":{"line":540,"column":5}},"181":{"start":{"line":537,"column":6},"end":{"line":537,"column":49}},"182":{"start":{"line":538,"column":11},"end":{"line":540,"column":5}},"183":{"start":{"line":539,"column":6},"end":{"line":539,"column":99}},"184":{"start":{"line":543,"column":24},"end":{"line":543,"column":34}},"185":{"start":{"line":544,"column":4},"end":{"line":544,"column":37}},"186":{"start":{"line":547,"column":27},"end":{"line":547,"column":68}},"187":{"start":{"line":548,"column":25},"end":{"line":548,"column":64}},"188":{"start":{"line":550,"column":22},"end":{"line":553,"column":null}},"189":{"start":{"line":556,"column":20},"end":{"line":559,"column":null}},"190":{"start":{"line":562,"column":4},"end":{"line":564,"column":5}},"191":{"start":{"line":563,"column":6},"end":{"line":563,"column":89}},"192":{"start":{"line":566,"column":4},"end":{"line":622,"column":5}},"193":{"start":{"line":568,"column":18},"end":{"line":568,"column":68}},"194":{"start":{"line":570,"column":23},"end":{"line":570,"column":128}},"195":{"start":{"line":572,"column":19},"end":{"line":572,"column":76}},"196":{"start":{"line":575,"column":6},"end":{"line":577,"column":7}},"197":{"start":{"line":576,"column":8},"end":{"line":576,"column":92}},"198":{"start":{"line":580,"column":38},"end":{"line":585,"column":8}},"199":{"start":{"line":588,"column":37},"end":{"line":607,"column":9}},"200":{"start":{"line":588,"column":62},"end":{"line":607,"column":8}},"201":{"start":{"line":610,"column":23},"end":{"line":610,"column":40}},"202":{"start":{"line":612,"column":6},"end":{"line":616,"column":8}},"203":{"start":{"line":618,"column":6},"end":{"line":620,"column":7}},"204":{"start":{"line":619,"column":8},"end":{"line":619,"column":85}},"205":{"start":{"line":621,"column":6},"end":{"line":621,"column":77}},"206":{"start":{"line":632,"column":4},"end":{"line":732,"column":5}},"207":{"start":{"line":633,"column":19},"end":{"line":633,"column":54}},"208":{"start":{"line":634,"column":31},"end":{"line":634,"column":64}},"209":{"start":{"line":636,"column":31},"end":{"line":637,"column":null}},"210":{"start":{"line":637,"column":8},"end":{"line":637,"column":67}},"211":{"start":{"line":640,"column":6},"end":{"line":642,"column":7}},"212":{"start":{"line":641,"column":8},"end":{"line":641,"column":70}},"213":{"start":{"line":644,"column":49},"end":{"line":644,"column":51}},"214":{"start":{"line":645,"column":6},"end":{"line":658,"column":9}},"215":{"start":{"line":646,"column":8},"end":{"line":657,"column":9}},"216":{"start":{"line":646,"column":40},"end":{"line":646,"column":72}},"217":{"start":{"line":647,"column":10},"end":{"line":656,"column":13}},"218":{"start":{"line":661,"column":24},"end":{"line":669,"column":7}},"219":{"start":{"line":662,"column":25},"end":{"line":662,"column":75}},"220":{"start":{"line":662,"column":59},"end":{"line":662,"column":74}},"221":{"start":{"line":663,"column":8},"end":{"line":668,"column":10}},"222":{"start":{"line":672,"column":26},"end":{"line":676,"column":8}},"223":{"start":{"line":673,"column":52},"end":{"line":673,"column":58}},"224":{"start":{"line":674,"column":52},"end":{"line":674,"column":58}},"225":{"start":{"line":675,"column":51},"end":{"line":675,"column":55}},"226":{"start":{"line":678,"column":28},"end":{"line":682,"column":8}},"227":{"start":{"line":679,"column":51},"end":{"line":679,"column":57}},"228":{"start":{"line":680,"column":55},"end":{"line":680,"column":61}},"229":{"start":{"line":681,"column":52},"end":{"line":681,"column":69}},"230":{"start":{"line":684,"column":33},"end":{"line":689,"column":8}},"231":{"start":{"line":685,"column":52},"end":{"line":685,"column":61}},"232":{"start":{"line":686,"column":52},"end":{"line":686,"column":61}},"233":{"start":{"line":687,"column":54},"end":{"line":687,"column":63}},"234":{"start":{"line":688,"column":54},"end":{"line":688,"column":63}},"235":{"start":{"line":691,"column":21},"end":{"line":697,"column":8}},"236":{"start":{"line":692,"column":60},"end":{"line":692,"column":70}},"237":{"start":{"line":693,"column":57},"end":{"line":693,"column":64}},"238":{"start":{"line":695,"column":36},"end":{"line":695,"column":41}},"239":{"start":{"line":695,"column":74},"end":{"line":695,"column":91}},"240":{"start":{"line":699,"column":29},"end":{"line":702,"column":8}},"241":{"start":{"line":700,"column":51},"end":{"line":700,"column":57}},"242":{"start":{"line":701,"column":57},"end":{"line":701,"column":63}},"243":{"start":{"line":704,"column":20},"end":{"line":707,"column":8}},"244":{"start":{"line":705,"column":60},"end":{"line":705,"column":67}},"245":{"start":{"line":706,"column":51},"end":{"line":706,"column":69}},"246":{"start":{"line":709,"column":22},"end":{"line":724,"column":8}},"247":{"start":{"line":715,"column":54},"end":{"line":715,"column":61}},"248":{"start":{"line":726,"column":6},"end":{"line":726,"column":21}},"249":{"start":{"line":728,"column":6},"end":{"line":730,"column":7}},"250":{"start":{"line":729,"column":8},"end":{"line":729,"column":73}},"251":{"start":{"line":731,"column":6},"end":{"line":731,"column":65}},"252":{"start":{"line":737,"column":4},"end":{"line":737,"column":43}},"253":{"start":{"line":737,"column":34},"end":{"line":737,"column":43}},"254":{"start":{"line":739,"column":21},"end":{"line":740,"column":45}},"255":{"start":{"line":740,"column":6},"end":{"line":740,"column":41}},"256":{"start":{"line":741,"column":23},"end":{"line":742,"column":45}},"257":{"start":{"line":742,"column":6},"end":{"line":742,"column":41}},"258":{"start":{"line":744,"column":21},"end":{"line":744,"column":95}},"259":{"start":{"line":745,"column":4},"end":{"line":745,"column":50}},"260":{"start":{"line":754,"column":4},"end":{"line":754,"column":49}},"261":{"start":{"line":754,"column":40},"end":{"line":754,"column":49}},"262":{"start":{"line":755,"column":4},"end":{"line":755,"column":73}},"263":{"start":{"line":755,"column":41},"end":{"line":755,"column":52}},"264":{"start":{"line":764,"column":4},"end":{"line":764,"column":49}},"265":{"start":{"line":764,"column":40},"end":{"line":764,"column":49}},"266":{"start":{"line":765,"column":4},"end":{"line":765,"column":57}},"267":{"start":{"line":765,"column":41},"end":{"line":765,"column":52}},"268":{"start":{"line":769,"column":4},"end":{"line":769,"column":30}},"269":{"start":{"line":769,"column":20},"end":{"line":769,"column":30}},"270":{"start":{"line":770,"column":4},"end":{"line":772,"column":18}},"271":{"start":{"line":787,"column":4},"end":{"line":826,"column":5}},"272":{"start":{"line":789,"column":30},"end":{"line":789,"column":99}},"273":{"start":{"line":791,"column":6},"end":{"line":793,"column":7}},"274":{"start":{"line":792,"column":8},"end":{"line":792,"column":52}},"275":{"start":{"line":796,"column":18},"end":{"line":796,"column":94}},"276":{"start":{"line":797,"column":19},"end":{"line":797,"column":71}},"277":{"start":{"line":800,"column":28},"end":{"line":800,"column":64}},"278":{"start":{"line":802,"column":6},"end":{"line":804,"column":7}},"279":{"start":{"line":803,"column":8},"end":{"line":803,"column":52}},"280":{"start":{"line":807,"column":32},"end":{"line":807,"column":63}},"281":{"start":{"line":810,"column":24},"end":{"line":810,"column":120}},"282":{"start":{"line":813,"column":23},"end":{"line":813,"column":83}},"283":{"start":{"line":815,"column":6},"end":{"line":822,"column":8}},"284":{"start":{"line":824,"column":6},"end":{"line":824,"column":64}},"285":{"start":{"line":825,"column":6},"end":{"line":825,"column":50}},"286":{"start":{"line":836,"column":4},"end":{"line":883,"column":5}},"287":{"start":{"line":838,"column":6},"end":{"line":840,"column":7}},"288":{"start":{"line":839,"column":8},"end":{"line":839,"column":57}},"289":{"start":{"line":843,"column":6},"end":{"line":845,"column":7}},"290":{"start":{"line":844,"column":8},"end":{"line":844,"column":52}},"291":{"start":{"line":847,"column":32},"end":{"line":847,"column":36}},"292":{"start":{"line":848,"column":28},"end":{"line":848,"column":36}},"293":{"start":{"line":851,"column":6},"end":{"line":872,"column":7}},"294":{"start":{"line":853,"column":8},"end":{"line":853,"column":72}},"295":{"start":{"line":853,"column":63},"end":{"line":853,"column":72}},"296":{"start":{"line":855,"column":33},"end":{"line":855,"column":66}},"297":{"start":{"line":856,"column":34},"end":{"line":856,"column":68}},"298":{"start":{"line":859,"column":8},"end":{"line":859,"column":74}},"299":{"start":{"line":859,"column":65},"end":{"line":859,"column":74}},"300":{"start":{"line":861,"column":26},"end":{"line":865,"column":null}},"301":{"start":{"line":868,"column":8},"end":{"line":871,"column":9}},"302":{"start":{"line":869,"column":10},"end":{"line":869,"column":38}},"303":{"start":{"line":870,"column":10},"end":{"line":870,"column":42}},"304":{"start":{"line":874,"column":6},"end":{"line":876,"column":7}},"305":{"start":{"line":875,"column":8},"end":{"line":875,"column":52}},"306":{"start":{"line":879,"column":6},"end":{"line":879,"column":54}},"307":{"start":{"line":881,"column":6},"end":{"line":881,"column":73}},"308":{"start":{"line":882,"column":6},"end":{"line":882,"column":50}},"309":{"start":{"line":898,"column":4},"end":{"line":935,"column":5}},"310":{"start":{"line":900,"column":6},"end":{"line":902,"column":7}},"311":{"start":{"line":901,"column":8},"end":{"line":901,"column":57}},"312":{"start":{"line":905,"column":6},"end":{"line":907,"column":7}},"313":{"start":{"line":906,"column":8},"end":{"line":906,"column":52}},"314":{"start":{"line":910,"column":24},"end":{"line":910,"column":93}},"315":{"start":{"line":910,"column":50},"end":{"line":910,"column":92}},"316":{"start":{"line":912,"column":6},"end":{"line":914,"column":7}},"317":{"start":{"line":913,"column":8},"end":{"line":913,"column":52}},"318":{"start":{"line":917,"column":6},"end":{"line":919,"column":7}},"319":{"start":{"line":918,"column":8},"end":{"line":918,"column":52}},"320":{"start":{"line":922,"column":31},"end":{"line":922,"column":64}},"321":{"start":{"line":923,"column":32},"end":{"line":923,"column":66}},"322":{"start":{"line":926,"column":6},"end":{"line":928,"column":7}},"323":{"start":{"line":927,"column":8},"end":{"line":927,"column":52}},"324":{"start":{"line":931,"column":6},"end":{"line":931,"column":92}},"325":{"start":{"line":933,"column":6},"end":{"line":933,"column":75}},"326":{"start":{"line":934,"column":6},"end":{"line":934,"column":50}},"327":{"start":{"line":947,"column":14},"end":{"line":947,"column":18}},"328":{"start":{"line":948,"column":17},"end":{"line":948,"column":40}},"329":{"start":{"line":949,"column":17},"end":{"line":949,"column":40}},"330":{"start":{"line":951,"column":6},"end":{"line":953,"column":41}},"331":{"start":{"line":954,"column":14},"end":{"line":954,"column":58}},"332":{"start":{"line":955,"column":4},"end":{"line":955,"column":17}},"333":{"start":{"line":964,"column":4},"end":{"line":964,"column":36}},"334":{"start":{"line":973,"column":4},"end":{"line":1058,"column":5}},"335":{"start":{"line":975,"column":28},"end":{"line":975,"column":64}},"336":{"start":{"line":977,"column":6},"end":{"line":979,"column":7}},"337":{"start":{"line":978,"column":8},"end":{"line":978,"column":52}},"338":{"start":{"line":981,"column":25},"end":{"line":981,"column":46}},"339":{"start":{"line":982,"column":30},"end":{"line":982,"column":34}},"340":{"start":{"line":983,"column":34},"end":{"line":983,"column":42}},"341":{"start":{"line":986,"column":6},"end":{"line":1048,"column":7}},"342":{"start":{"line":988,"column":8},"end":{"line":988,"column":74}},"343":{"start":{"line":988,"column":65},"end":{"line":988,"column":74}},"344":{"start":{"line":991,"column":8},"end":{"line":1047,"column":9}},"345":{"start":{"line":992,"column":10},"end":{"line":992,"column":40}},"346":{"start":{"line":992,"column":31},"end":{"line":992,"column":40}},"347":{"start":{"line":994,"column":29},"end":{"line":994,"column":57}},"348":{"start":{"line":995,"column":10},"end":{"line":995,"column":42}},"349":{"start":{"line":995,"column":33},"end":{"line":995,"column":42}},"350":{"start":{"line":998,"column":29},"end":{"line":998,"column":62}},"351":{"start":{"line":1001,"column":10},"end":{"line":1046,"column":11}},"352":{"start":{"line":1002,"column":12},"end":{"line":1002,"column":47}},"353":{"start":{"line":1005,"column":34},"end":{"line":1005,"column":111}},"354":{"start":{"line":1005,"column":70},"end":{"line":1005,"column":98}},"355":{"start":{"line":1006,"column":29},"end":{"line":1008,"column":25}},"356":{"start":{"line":1007,"column":14},"end":{"line":1007,"column":65}},"357":{"start":{"line":1009,"column":29},"end":{"line":1011,"column":25}},"358":{"start":{"line":1010,"column":14},"end":{"line":1010,"column":65}},"359":{"start":{"line":1012,"column":26},"end":{"line":1012,"column":95}},"360":{"start":{"line":1012,"column":54},"end":{"line":1012,"column":82}},"361":{"start":{"line":1013,"column":30},"end":{"line":1015,"column":25}},"362":{"start":{"line":1014,"column":14},"end":{"line":1014,"column":65}},"363":{"start":{"line":1016,"column":32},"end":{"line":1016,"column":102}},"364":{"start":{"line":1016,"column":66},"end":{"line":1016,"column":94}},"365":{"start":{"line":1017,"column":32},"end":{"line":1017,"column":102}},"366":{"start":{"line":1017,"column":66},"end":{"line":1017,"column":94}},"367":{"start":{"line":1018,"column":28},"end":{"line":1018,"column":102}},"368":{"start":{"line":1018,"column":66},"end":{"line":1018,"column":94}},"369":{"start":{"line":1019,"column":27},"end":{"line":1019,"column":96}},"370":{"start":{"line":1019,"column":67},"end":{"line":1019,"column":95}},"371":{"start":{"line":1022,"column":30},"end":{"line":1022,"column":53}},"372":{"start":{"line":1023,"column":33},"end":{"line":1023,"column":88}},"373":{"start":{"line":1025,"column":12},"end":{"line":1045,"column":14}},"374":{"start":{"line":1050,"column":6},"end":{"line":1052,"column":7}},"375":{"start":{"line":1051,"column":8},"end":{"line":1051,"column":52}},"376":{"start":{"line":1054,"column":6},"end":{"line":1054,"column":31}},"377":{"start":{"line":1056,"column":6},"end":{"line":1056,"column":71}},"378":{"start":{"line":1057,"column":6},"end":{"line":1057,"column":50}},"379":{"start":{"line":1067,"column":4},"end":{"line":1133,"column":5}},"380":{"start":{"line":1069,"column":26},"end":{"line":1069,"column":61}},"381":{"start":{"line":1072,"column":6},"end":{"line":1074,"column":7}},"382":{"start":{"line":1073,"column":8},"end":{"line":1073,"column":96}},"383":{"start":{"line":1077,"column":27},"end":{"line":1077,"column":101}},"384":{"start":{"line":1077,"column":55},"end":{"line":1077,"column":59}},"385":{"start":{"line":1077,"column":73},"end":{"line":1077,"column":88}},"386":{"start":{"line":1078,"column":30},"end":{"line":1078,"column":106}},"387":{"start":{"line":1078,"column":58},"end":{"line":1078,"column":64}},"388":{"start":{"line":1078,"column":78},"end":{"line":1078,"column":93}},"389":{"start":{"line":1079,"column":30},"end":{"line":1079,"column":106}},"390":{"start":{"line":1079,"column":58},"end":{"line":1079,"column":64}},"391":{"start":{"line":1079,"column":78},"end":{"line":1079,"column":93}},"392":{"start":{"line":1080,"column":29},"end":{"line":1080,"column":105}},"393":{"start":{"line":1080,"column":57},"end":{"line":1080,"column":63}},"394":{"start":{"line":1080,"column":77},"end":{"line":1080,"column":92}},"395":{"start":{"line":1081,"column":25},"end":{"line":1081,"column":105}},"396":{"start":{"line":1081,"column":53},"end":{"line":1081,"column":63}},"397":{"start":{"line":1081,"column":77},"end":{"line":1081,"column":92}},"398":{"start":{"line":1082,"column":24},"end":{"line":1082,"column":101}},"399":{"start":{"line":1082,"column":52},"end":{"line":1082,"column":59}},"400":{"start":{"line":1082,"column":73},"end":{"line":1082,"column":88}},"401":{"start":{"line":1085,"column":29},"end":{"line":1085,"column":64}},"402":{"start":{"line":1086,"column":22},"end":{"line":1086,"column":50}},"403":{"start":{"line":1087,"column":25},"end":{"line":1087,"column":73}},"404":{"start":{"line":1087,"column":54},"end":{"line":1087,"column":72}},"405":{"start":{"line":1088,"column":22},"end":{"line":1088,"column":50}},"406":{"start":{"line":1089,"column":25},"end":{"line":1089,"column":73}},"407":{"start":{"line":1089,"column":54},"end":{"line":1089,"column":72}},"408":{"start":{"line":1090,"column":33},"end":{"line":1090,"column":66}},"409":{"start":{"line":1091,"column":36},"end":{"line":1091,"column":76}},"410":{"start":{"line":1091,"column":63},"end":{"line":1091,"column":68}},"411":{"start":{"line":1092,"column":27},"end":{"line":1092,"column":60}},"412":{"start":{"line":1093,"column":27},"end":{"line":1093,"column":49}},"413":{"start":{"line":1094,"column":25},"end":{"line":1094,"column":79}},"414":{"start":{"line":1094,"column":54},"end":{"line":1094,"column":78}},"415":{"start":{"line":1096,"column":6},"end":{"line":1127,"column":8}},"416":{"start":{"line":1129,"column":6},"end":{"line":1131,"column":7}},"417":{"start":{"line":1130,"column":8},"end":{"line":1130,"column":84}},"418":{"start":{"line":1132,"column":6},"end":{"line":1132,"column":76}},"419":{"start":{"line":31,"column":0},"end":{"line":31,"column":13}}},"fnMap":{"0":{"name":"(anonymous_0)","decl":{"start":{"line":43,"column":2},"end":{"line":43,"column":14}},"loc":{"start":{"line":43,"column":56},"end":{"line":51,"column":3}}},"1":{"name":"(anonymous_1)","decl":{"start":{"line":58,"column":2},"end":{"line":58,"column":7}},"loc":{"start":{"line":58,"column":50},"end":{"line":93,"column":3}}},"2":{"name":"(anonymous_2)","decl":{"start":{"line":100,"column":2},"end":{"line":100,"column":7}},"loc":{"start":{"line":100,"column":44},"end":{"line":139,"column":3}}},"3":{"name":"(anonymous_3)","decl":{"start":{"line":145,"column":2},"end":{"line":145,"column":7}},"loc":{"start":{"line":145,"column":25},"end":{"line":155,"column":3}}},"4":{"name":"(anonymous_4)","decl":{"start":{"line":161,"column":2},"end":{"line":161,"column":7}},"loc":{"start":{"line":161,"column":20},"end":{"line":171,"column":3}}},"5":{"name":"(anonymous_5)","decl":{"start":{"line":177,"column":2},"end":{"line":177,"column":7}},"loc":{"start":{"line":177,"column":22},"end":{"line":187,"column":3}}},"6":{"name":"(anonymous_6)","decl":{"start":{"line":193,"column":2},"end":{"line":193,"column":7}},"loc":{"start":{"line":193,"column":25},"end":{"line":203,"column":3}}},"7":{"name":"(anonymous_7)","decl":{"start":{"line":211,"column":10},"end":{"line":211,"column":28}},"loc":{"start":{"line":211,"column":57},"end":{"line":271,"column":3}}},"8":{"name":"(anonymous_8)","decl":{"start":{"line":278,"column":10},"end":{"line":278,"column":32}},"loc":{"start":{"line":278,"column":49},"end":{"line":322,"column":3}}},"9":{"name":"(anonymous_9)","decl":{"start":{"line":284,"column":43},"end":{"line":284,"column":48}},"loc":{"start":{"line":284,"column":51},"end":{"line":287,"column":5}}},"10":{"name":"(anonymous_10)","decl":{"start":{"line":294,"column":28},"end":{"line":294,"column":33}},"loc":{"start":{"line":294,"column":36},"end":{"line":298,"column":7}}},"11":{"name":"(anonymous_11)","decl":{"start":{"line":304,"column":41},"end":{"line":304,"column":42}},"loc":{"start":{"line":304,"column":60},"end":{"line":309,"column":7}}},"12":{"name":"(anonymous_12)","decl":{"start":{"line":328,"column":2},"end":{"line":328,"column":7}},"loc":{"start":{"line":328,"column":26},"end":{"line":359,"column":3}}},"13":{"name":"(anonymous_13)","decl":{"start":{"line":337,"column":22},"end":{"line":337,"column":23}},"loc":{"start":{"line":337,"column":39},"end":{"line":352,"column":7}}},"14":{"name":"(anonymous_14)","decl":{"start":{"line":366,"column":10},"end":{"line":366,"column":29}},"loc":{"start":{"line":366,"column":43},"end":{"line":402,"column":3}}},"15":{"name":"(anonymous_15)","decl":{"start":{"line":409,"column":2},"end":{"line":409,"column":7}},"loc":{"start":{"line":409,"column":43},"end":{"line":426,"column":3}}},"16":{"name":"(anonymous_16)","decl":{"start":{"line":414,"column":29},"end":{"line":414,"column":36}},"loc":{"start":{"line":414,"column":39},"end":{"line":419,"column":7}}},"17":{"name":"(anonymous_17)","decl":{"start":{"line":433,"column":2},"end":{"line":433,"column":7}},"loc":{"start":{"line":433,"column":52},"end":{"line":623,"column":3}}},"18":{"name":"(anonymous_18)","decl":{"start":{"line":475,"column":62},"end":{"line":475,"column":63}},"loc":{"start":{"line":475,"column":74},"end":{"line":475,"column":102}}},"19":{"name":"(anonymous_19)","decl":{"start":{"line":476,"column":58},"end":{"line":476,"column":59}},"loc":{"start":{"line":476,"column":70},"end":{"line":476,"column":98}}},"20":{"name":"(anonymous_20)","decl":{"start":{"line":477,"column":59},"end":{"line":477,"column":60}},"loc":{"start":{"line":477,"column":71},"end":{"line":477,"column":99}}},"21":{"name":"(anonymous_21)","decl":{"start":{"line":588,"column":46},"end":{"line":588,"column":47}},"loc":{"start":{"line":588,"column":62},"end":{"line":607,"column":8}}},"22":{"name":"(anonymous_22)","decl":{"start":{"line":631,"column":2},"end":{"line":631,"column":7}},"loc":{"start":{"line":631,"column":83},"end":{"line":733,"column":3}}},"23":{"name":"(anonymous_23)","decl":{"start":{"line":636,"column":50},"end":{"line":636,"column":54}},"loc":{"start":{"line":637,"column":8},"end":{"line":637,"column":67}}},"24":{"name":"(anonymous_24)","decl":{"start":{"line":645,"column":31},"end":{"line":645,"column":35}},"loc":{"start":{"line":645,"column":38},"end":{"line":658,"column":7}}},"25":{"name":"(anonymous_25)","decl":{"start":{"line":646,"column":35},"end":{"line":646,"column":36}},"loc":{"start":{"line":646,"column":40},"end":{"line":646,"column":72}}},"26":{"name":"(anonymous_26)","decl":{"start":{"line":661,"column":24},"end":{"line":661,"column":25}},"loc":{"start":{"line":661,"column":73},"end":{"line":669,"column":7}}},"27":{"name":"(anonymous_27)","decl":{"start":{"line":662,"column":39},"end":{"line":662,"column":40}},"loc":{"start":{"line":662,"column":59},"end":{"line":662,"column":74}}},"28":{"name":"(anonymous_28)","decl":{"start":{"line":673,"column":47},"end":{"line":673,"column":48}},"loc":{"start":{"line":673,"column":52},"end":{"line":673,"column":58}}},"29":{"name":"(anonymous_29)","decl":{"start":{"line":674,"column":47},"end":{"line":674,"column":48}},"loc":{"start":{"line":674,"column":52},"end":{"line":674,"column":58}}},"30":{"name":"(anonymous_30)","decl":{"start":{"line":675,"column":46},"end":{"line":675,"column":47}},"loc":{"start":{"line":675,"column":51},"end":{"line":675,"column":55}}},"31":{"name":"(anonymous_31)","decl":{"start":{"line":679,"column":46},"end":{"line":679,"column":47}},"loc":{"start":{"line":679,"column":51},"end":{"line":679,"column":57}}},"32":{"name":"(anonymous_32)","decl":{"start":{"line":680,"column":50},"end":{"line":680,"column":51}},"loc":{"start":{"line":680,"column":55},"end":{"line":680,"column":61}}},"33":{"name":"(anonymous_33)","decl":{"start":{"line":681,"column":47},"end":{"line":681,"column":48}},"loc":{"start":{"line":681,"column":52},"end":{"line":681,"column":69}}},"34":{"name":"(anonymous_34)","decl":{"start":{"line":685,"column":47},"end":{"line":685,"column":48}},"loc":{"start":{"line":685,"column":52},"end":{"line":685,"column":61}}},"35":{"name":"(anonymous_35)","decl":{"start":{"line":686,"column":47},"end":{"line":686,"column":48}},"loc":{"start":{"line":686,"column":52},"end":{"line":686,"column":61}}},"36":{"name":"(anonymous_36)","decl":{"start":{"line":687,"column":49},"end":{"line":687,"column":50}},"loc":{"start":{"line":687,"column":54},"end":{"line":687,"column":63}}},"37":{"name":"(anonymous_37)","decl":{"start":{"line":688,"column":49},"end":{"line":688,"column":50}},"loc":{"start":{"line":688,"column":54},"end":{"line":688,"column":63}}},"38":{"name":"(anonymous_38)","decl":{"start":{"line":692,"column":55},"end":{"line":692,"column":56}},"loc":{"start":{"line":692,"column":60},"end":{"line":692,"column":70}}},"39":{"name":"(anonymous_39)","decl":{"start":{"line":693,"column":52},"end":{"line":693,"column":53}},"loc":{"start":{"line":693,"column":57},"end":{"line":693,"column":64}}},"40":{"name":"(anonymous_40)","decl":{"start":{"line":695,"column":31},"end":{"line":695,"column":32}},"loc":{"start":{"line":695,"column":36},"end":{"line":695,"column":41}}},"41":{"name":"(anonymous_41)","decl":{"start":{"line":695,"column":50},"end":{"line":695,"column":51}},"loc":{"start":{"line":695,"column":74},"end":{"line":695,"column":91}}},"42":{"name":"(anonymous_42)","decl":{"start":{"line":700,"column":46},"end":{"line":700,"column":47}},"loc":{"start":{"line":700,"column":51},"end":{"line":700,"column":57}}},"43":{"name":"(anonymous_43)","decl":{"start":{"line":701,"column":52},"end":{"line":701,"column":53}},"loc":{"start":{"line":701,"column":57},"end":{"line":701,"column":63}}},"44":{"name":"(anonymous_44)","decl":{"start":{"line":705,"column":55},"end":{"line":705,"column":56}},"loc":{"start":{"line":705,"column":60},"end":{"line":705,"column":67}}},"45":{"name":"(anonymous_45)","decl":{"start":{"line":706,"column":46},"end":{"line":706,"column":47}},"loc":{"start":{"line":706,"column":51},"end":{"line":706,"column":69}}},"46":{"name":"(anonymous_46)","decl":{"start":{"line":715,"column":49},"end":{"line":715,"column":50}},"loc":{"start":{"line":715,"column":54},"end":{"line":715,"column":61}}},"47":{"name":"(anonymous_47)","decl":{"start":{"line":736,"column":10},"end":{"line":736,"column":39}},"loc":{"start":{"line":736,"column":61},"end":{"line":746,"column":3}}},"48":{"name":"(anonymous_48)","decl":{"start":{"line":739,"column":40},"end":{"line":739,"column":41}},"loc":{"start":{"line":740,"column":6},"end":{"line":740,"column":41}}},"49":{"name":"(anonymous_49)","decl":{"start":{"line":741,"column":42},"end":{"line":741,"column":43}},"loc":{"start":{"line":742,"column":6},"end":{"line":742,"column":41}}},"50":{"name":"(anonymous_50)","decl":{"start":{"line":753,"column":10},"end":{"line":753,"column":26}},"loc":{"start":{"line":753,"column":43},"end":{"line":756,"column":3}}},"51":{"name":"(anonymous_51)","decl":{"start":{"line":755,"column":25},"end":{"line":755,"column":26}},"loc":{"start":{"line":755,"column":41},"end":{"line":755,"column":52}}},"52":{"name":"(anonymous_52)","decl":{"start":{"line":763,"column":10},"end":{"line":763,"column":22}},"loc":{"start":{"line":763,"column":39},"end":{"line":766,"column":3}}},"53":{"name":"(anonymous_53)","decl":{"start":{"line":765,"column":25},"end":{"line":765,"column":26}},"loc":{"start":{"line":765,"column":41},"end":{"line":765,"column":52}}},"54":{"name":"(anonymous_54)","decl":{"start":{"line":768,"column":10},"end":{"line":768,"column":27}},"loc":{"start":{"line":768,"column":45},"end":{"line":773,"column":3}}},"55":{"name":"(anonymous_55)","decl":{"start":{"line":782,"column":2},"end":{"line":782,"column":7}},"loc":{"start":{"line":785,"column":29},"end":{"line":827,"column":3}}},"56":{"name":"(anonymous_56)","decl":{"start":{"line":835,"column":10},"end":{"line":835,"column":15}},"loc":{"start":{"line":835,"column":69},"end":{"line":884,"column":3}}},"57":{"name":"(anonymous_57)","decl":{"start":{"line":893,"column":10},"end":{"line":893,"column":15}},"loc":{"start":{"line":896,"column":27},"end":{"line":936,"column":3}}},"58":{"name":"(anonymous_58)","decl":{"start":{"line":910,"column":45},"end":{"line":910,"column":46}},"loc":{"start":{"line":910,"column":50},"end":{"line":910,"column":92}}},"59":{"name":"(anonymous_59)","decl":{"start":{"line":946,"column":10},"end":{"line":946,"column":27}},"loc":{"start":{"line":946,"column":82},"end":{"line":956,"column":3}}},"60":{"name":"(anonymous_60)","decl":{"start":{"line":963,"column":10},"end":{"line":963,"column":15}},"loc":{"start":{"line":963,"column":30},"end":{"line":965,"column":3}}},"61":{"name":"(anonymous_61)","decl":{"start":{"line":972,"column":10},"end":{"line":972,"column":30}},"loc":{"start":{"line":972,"column":40},"end":{"line":1059,"column":3}}},"62":{"name":"(anonymous_62)","decl":{"start":{"line":1005,"column":58},"end":{"line":1005,"column":59}},"loc":{"start":{"line":1005,"column":70},"end":{"line":1005,"column":98}}},"63":{"name":"(anonymous_63)","decl":{"start":{"line":1006,"column":57},"end":{"line":1006,"column":58}},"loc":{"start":{"line":1007,"column":14},"end":{"line":1007,"column":65}}},"64":{"name":"(anonymous_64)","decl":{"start":{"line":1009,"column":52},"end":{"line":1009,"column":53}},"loc":{"start":{"line":1010,"column":14},"end":{"line":1010,"column":65}}},"65":{"name":"(anonymous_65)","decl":{"start":{"line":1012,"column":42},"end":{"line":1012,"column":43}},"loc":{"start":{"line":1012,"column":54},"end":{"line":1012,"column":82}}},"66":{"name":"(anonymous_66)","decl":{"start":{"line":1013,"column":50},"end":{"line":1013,"column":51}},"loc":{"start":{"line":1014,"column":14},"end":{"line":1014,"column":65}}},"67":{"name":"(anonymous_67)","decl":{"start":{"line":1016,"column":54},"end":{"line":1016,"column":55}},"loc":{"start":{"line":1016,"column":66},"end":{"line":1016,"column":94}}},"68":{"name":"(anonymous_68)","decl":{"start":{"line":1017,"column":54},"end":{"line":1017,"column":55}},"loc":{"start":{"line":1017,"column":66},"end":{"line":1017,"column":94}}},"69":{"name":"(anonymous_69)","decl":{"start":{"line":1018,"column":54},"end":{"line":1018,"column":55}},"loc":{"start":{"line":1018,"column":66},"end":{"line":1018,"column":94}}},"70":{"name":"(anonymous_70)","decl":{"start":{"line":1019,"column":55},"end":{"line":1019,"column":56}},"loc":{"start":{"line":1019,"column":67},"end":{"line":1019,"column":95}}},"71":{"name":"(anonymous_71)","decl":{"start":{"line":1066,"column":2},"end":{"line":1066,"column":7}},"loc":{"start":{"line":1066,"column":53},"end":{"line":1134,"column":3}}},"72":{"name":"(anonymous_72)","decl":{"start":{"line":1077,"column":50},"end":{"line":1077,"column":51}},"loc":{"start":{"line":1077,"column":55},"end":{"line":1077,"column":59}}},"73":{"name":"(anonymous_73)","decl":{"start":{"line":1077,"column":68},"end":{"line":1077,"column":69}},"loc":{"start":{"line":1077,"column":73},"end":{"line":1077,"column":88}}},"74":{"name":"(anonymous_74)","decl":{"start":{"line":1078,"column":53},"end":{"line":1078,"column":54}},"loc":{"start":{"line":1078,"column":58},"end":{"line":1078,"column":64}}},"75":{"name":"(anonymous_75)","decl":{"start":{"line":1078,"column":73},"end":{"line":1078,"column":74}},"loc":{"start":{"line":1078,"column":78},"end":{"line":1078,"column":93}}},"76":{"name":"(anonymous_76)","decl":{"start":{"line":1079,"column":53},"end":{"line":1079,"column":54}},"loc":{"start":{"line":1079,"column":58},"end":{"line":1079,"column":64}}},"77":{"name":"(anonymous_77)","decl":{"start":{"line":1079,"column":73},"end":{"line":1079,"column":74}},"loc":{"start":{"line":1079,"column":78},"end":{"line":1079,"column":93}}},"78":{"name":"(anonymous_78)","decl":{"start":{"line":1080,"column":52},"end":{"line":1080,"column":53}},"loc":{"start":{"line":1080,"column":57},"end":{"line":1080,"column":63}}},"79":{"name":"(anonymous_79)","decl":{"start":{"line":1080,"column":72},"end":{"line":1080,"column":73}},"loc":{"start":{"line":1080,"column":77},"end":{"line":1080,"column":92}}},"80":{"name":"(anonymous_80)","decl":{"start":{"line":1081,"column":48},"end":{"line":1081,"column":49}},"loc":{"start":{"line":1081,"column":53},"end":{"line":1081,"column":63}}},"81":{"name":"(anonymous_81)","decl":{"start":{"line":1081,"column":72},"end":{"line":1081,"column":73}},"loc":{"start":{"line":1081,"column":77},"end":{"line":1081,"column":92}}},"82":{"name":"(anonymous_82)","decl":{"start":{"line":1082,"column":47},"end":{"line":1082,"column":48}},"loc":{"start":{"line":1082,"column":52},"end":{"line":1082,"column":59}}},"83":{"name":"(anonymous_83)","decl":{"start":{"line":1082,"column":68},"end":{"line":1082,"column":69}},"loc":{"start":{"line":1082,"column":73},"end":{"line":1082,"column":88}}},"84":{"name":"(anonymous_84)","decl":{"start":{"line":1087,"column":49},"end":{"line":1087,"column":50}},"loc":{"start":{"line":1087,"column":54},"end":{"line":1087,"column":72}}},"85":{"name":"(anonymous_85)","decl":{"start":{"line":1089,"column":49},"end":{"line":1089,"column":50}},"loc":{"start":{"line":1089,"column":54},"end":{"line":1089,"column":72}}},"86":{"name":"(anonymous_86)","decl":{"start":{"line":1091,"column":58},"end":{"line":1091,"column":59}},"loc":{"start":{"line":1091,"column":63},"end":{"line":1091,"column":68}}},"87":{"name":"(anonymous_87)","decl":{"start":{"line":1094,"column":49},"end":{"line":1094,"column":50}},"loc":{"start":{"line":1094,"column":54},"end":{"line":1094,"column":78}}}},"branchMap":{"0":{"loc":{"start":{"line":43,"column":30},"end":{"line":43,"column":56}},"type":"default-arg","locations":[{"start":{"line":43,"column":54},"end":{"line":43,"column":56}}]},"1":{"loc":{"start":{"line":44,"column":4},"end":{"line":46,"column":5}},"type":"if","locations":[{"start":{"line":44,"column":4},"end":{"line":46,"column":5}}]},"2":{"loc":{"start":{"line":49,"column":19},"end":{"line":49,"column":54}},"type":"binary-expr","locations":[{"start":{"line":49,"column":19},"end":{"line":49,"column":34}},{"start":{"line":49,"column":38},"end":{"line":49,"column":54}}]},"3":{"loc":{"start":{"line":50,"column":19},"end":{"line":50,"column":53}},"type":"binary-expr","locations":[{"start":{"line":50,"column":19},"end":{"line":50,"column":34}},{"start":{"line":50,"column":38},"end":{"line":50,"column":53}}]},"4":{"loc":{"start":{"line":59,"column":4},"end":{"line":61,"column":5}},"type":"if","locations":[{"start":{"line":59,"column":4},"end":{"line":61,"column":5}}]},"5":{"loc":{"start":{"line":59,"column":8},"end":{"line":59,"column":58}},"type":"binary-expr","locations":[{"start":{"line":59,"column":8},"end":{"line":59,"column":25}},{"start":{"line":59,"column":29},"end":{"line":59,"column":58}}]},"6":{"loc":{"start":{"line":68,"column":19},"end":{"line":68,"column":37}},"type":"binary-expr","locations":[{"start":{"line":68,"column":19},"end":{"line":68,"column":31}},{"start":{"line":68,"column":35},"end":{"line":68,"column":37}}]},"7":{"loc":{"start":{"line":69,"column":23},"end":{"line":69,"column":44}},"type":"binary-expr","locations":[{"start":{"line":69,"column":23},"end":{"line":69,"column":38}},{"start":{"line":69,"column":42},"end":{"line":69,"column":44}}]},"8":{"loc":{"start":{"line":88,"column":6},"end":{"line":90,"column":7}},"type":"if","locations":[{"start":{"line":88,"column":6},"end":{"line":90,"column":7}}]},"9":{"loc":{"start":{"line":101,"column":4},"end":{"line":103,"column":5}},"type":"if","locations":[{"start":{"line":101,"column":4},"end":{"line":103,"column":5}}]},"10":{"loc":{"start":{"line":101,"column":8},"end":{"line":101,"column":58}},"type":"binary-expr","locations":[{"start":{"line":101,"column":8},"end":{"line":101,"column":25}},{"start":{"line":101,"column":29},"end":{"line":101,"column":58}}]},"11":{"loc":{"start":{"line":110,"column":19},"end":{"line":110,"column":37}},"type":"binary-expr","locations":[{"start":{"line":110,"column":19},"end":{"line":110,"column":31}},{"start":{"line":110,"column":35},"end":{"line":110,"column":37}}]},"12":{"loc":{"start":{"line":111,"column":23},"end":{"line":111,"column":44}},"type":"binary-expr","locations":[{"start":{"line":111,"column":23},"end":{"line":111,"column":38}},{"start":{"line":111,"column":42},"end":{"line":111,"column":44}}]},"13":{"loc":{"start":{"line":119,"column":23},"end":{"line":119,"column":50}},"type":"binary-expr","locations":[{"start":{"line":119,"column":23},"end":{"line":119,"column":44}},{"start":{"line":119,"column":48},"end":{"line":119,"column":50}}]},"14":{"loc":{"start":{"line":134,"column":6},"end":{"line":136,"column":7}},"type":"if","locations":[{"start":{"line":134,"column":6},"end":{"line":136,"column":7}}]},"15":{"loc":{"start":{"line":150,"column":6},"end":{"line":152,"column":7}},"type":"if","locations":[{"start":{"line":150,"column":6},"end":{"line":152,"column":7}}]},"16":{"loc":{"start":{"line":166,"column":6},"end":{"line":168,"column":7}},"type":"if","locations":[{"start":{"line":166,"column":6},"end":{"line":168,"column":7}}]},"17":{"loc":{"start":{"line":182,"column":6},"end":{"line":184,"column":7}},"type":"if","locations":[{"start":{"line":182,"column":6},"end":{"line":184,"column":7}}]},"18":{"loc":{"start":{"line":198,"column":6},"end":{"line":200,"column":7}},"type":"if","locations":[{"start":{"line":198,"column":6},"end":{"line":200,"column":7}}]},"19":{"loc":{"start":{"line":214,"column":6},"end":{"line":216,"column":7}},"type":"if","locations":[{"start":{"line":214,"column":6},"end":{"line":216,"column":7}}]},"20":{"loc":{"start":{"line":214,"column":10},"end":{"line":214,"column":90}},"type":"binary-expr","locations":[{"start":{"line":214,"column":10},"end":{"line":214,"column":15}},{"start":{"line":214,"column":19},"end":{"line":214,"column":35}},{"start":{"line":214,"column":39},"end":{"line":214,"column":59}},{"start":{"line":214,"column":63},"end":{"line":214,"column":90}}]},"21":{"loc":{"start":{"line":220,"column":6},"end":{"line":222,"column":7}},"type":"if","locations":[{"start":{"line":220,"column":6},"end":{"line":222,"column":7}}]},"22":{"loc":{"start":{"line":231,"column":6},"end":{"line":244,"column":7}},"type":"if","locations":[{"start":{"line":231,"column":6},"end":{"line":244,"column":7}}]},"23":{"loc":{"start":{"line":233,"column":18},"end":{"line":237,"column":18}},"type":"cond-expr","locations":[{"start":{"line":234,"column":12},"end":{"line":234,"column":50}},{"start":{"line":235,"column":13},"end":{"line":237,"column":17}}]},"24":{"loc":{"start":{"line":235,"column":13},"end":{"line":237,"column":17}},"type":"cond-expr","locations":[{"start":{"line":236,"column":16},"end":{"line":236,"column":42}},{"start":{"line":237,"column":16},"end":{"line":237,"column":17}}]},"25":{"loc":{"start":{"line":239,"column":18},"end":{"line":243,"column":18}},"type":"cond-expr","locations":[{"start":{"line":240,"column":12},"end":{"line":240,"column":50}},{"start":{"line":241,"column":13},"end":{"line":243,"column":17}}]},"26":{"loc":{"start":{"line":241,"column":13},"end":{"line":243,"column":17}},"type":"cond-expr","locations":[{"start":{"line":242,"column":16},"end":{"line":242,"column":42}},{"start":{"line":243,"column":16},"end":{"line":243,"column":17}}]},"27":{"loc":{"start":{"line":255,"column":6},"end":{"line":259,"column":7}},"type":"if","locations":[{"start":{"line":255,"column":6},"end":{"line":259,"column":7}},{"start":{"line":257,"column":13},"end":{"line":259,"column":7}}]},"28":{"loc":{"start":{"line":279,"column":4},"end":{"line":281,"column":5}},"type":"if","locations":[{"start":{"line":279,"column":4},"end":{"line":281,"column":5}}]},"29":{"loc":{"start":{"line":279,"column":8},"end":{"line":279,"column":73}},"type":"binary-expr","locations":[{"start":{"line":279,"column":8},"end":{"line":279,"column":18}},{"start":{"line":279,"column":22},"end":{"line":279,"column":47}},{"start":{"line":279,"column":51},"end":{"line":279,"column":73}}]},"30":{"loc":{"start":{"line":285,"column":22},"end":{"line":285,"column":71}},"type":"cond-expr","locations":[{"start":{"line":285,"column":38},"end":{"line":285,"column":65}},{"start":{"line":285,"column":68},"end":{"line":285,"column":71}}]},"31":{"loc":{"start":{"line":286,"column":13},"end":{"line":286,"column":62}},"type":"binary-expr","locations":[{"start":{"line":286,"column":13},"end":{"line":286,"column":28}},{"start":{"line":286,"column":32},"end":{"line":286,"column":45}},{"start":{"line":286,"column":49},"end":{"line":286,"column":62}}]},"32":{"loc":{"start":{"line":290,"column":4},"end":{"line":312,"column":5}},"type":"if","locations":[{"start":{"line":290,"column":4},"end":{"line":312,"column":5}}]},"33":{"loc":{"start":{"line":295,"column":8},"end":{"line":297,"column":9}},"type":"if","locations":[{"start":{"line":295,"column":8},"end":{"line":297,"column":9}}]},"34":{"loc":{"start":{"line":296,"column":37},"end":{"line":296,"column":65}},"type":"binary-expr","locations":[{"start":{"line":296,"column":37},"end":{"line":296,"column":60}},{"start":{"line":296,"column":64},"end":{"line":296,"column":65}}]},"35":{"loc":{"start":{"line":305,"column":8},"end":{"line":308,"column":9}},"type":"if","locations":[{"start":{"line":305,"column":8},"end":{"line":308,"column":9}}]},"36":{"loc":{"start":{"line":316,"column":6},"end":{"line":318,"column":7}},"type":"if","locations":[{"start":{"line":316,"column":6},"end":{"line":318,"column":7}}]},"37":{"loc":{"start":{"line":333,"column":6},"end":{"line":335,"column":7}},"type":"if","locations":[{"start":{"line":333,"column":6},"end":{"line":335,"column":7}}]},"38":{"loc":{"start":{"line":343,"column":22},"end":{"line":343,"column":46}},"type":"binary-expr","locations":[{"start":{"line":343,"column":22},"end":{"line":343,"column":40}},{"start":{"line":343,"column":44},"end":{"line":343,"column":46}}]},"39":{"loc":{"start":{"line":344,"column":18},"end":{"line":344,"column":38}},"type":"binary-expr","locations":[{"start":{"line":344,"column":18},"end":{"line":344,"column":32}},{"start":{"line":344,"column":36},"end":{"line":344,"column":38}}]},"40":{"loc":{"start":{"line":345,"column":21},"end":{"line":345,"column":68}},"type":"binary-expr","locations":[{"start":{"line":345,"column":21},"end":{"line":345,"column":62}},{"start":{"line":345,"column":66},"end":{"line":345,"column":68}}]},"41":{"loc":{"start":{"line":346,"column":19},"end":{"line":346,"column":51}},"type":"binary-expr","locations":[{"start":{"line":346,"column":19},"end":{"line":346,"column":46}},{"start":{"line":346,"column":50},"end":{"line":346,"column":51}}]},"42":{"loc":{"start":{"line":354,"column":6},"end":{"line":356,"column":7}},"type":"if","locations":[{"start":{"line":354,"column":6},"end":{"line":356,"column":7}}]},"43":{"loc":{"start":{"line":367,"column":4},"end":{"line":369,"column":5}},"type":"if","locations":[{"start":{"line":367,"column":4},"end":{"line":369,"column":5}}]},"44":{"loc":{"start":{"line":367,"column":8},"end":{"line":367,"column":43}},"type":"binary-expr","locations":[{"start":{"line":367,"column":8},"end":{"line":367,"column":14}},{"start":{"line":367,"column":18},"end":{"line":367,"column":43}}]},"45":{"loc":{"start":{"line":373,"column":6},"end":{"line":375,"column":7}},"type":"if","locations":[{"start":{"line":373,"column":6},"end":{"line":375,"column":7}}]},"46":{"loc":{"start":{"line":381,"column":6},"end":{"line":383,"column":7}},"type":"if","locations":[{"start":{"line":381,"column":6},"end":{"line":383,"column":7}}]},"47":{"loc":{"start":{"line":382,"column":15},"end":{"line":382,"column":37}},"type":"binary-expr","locations":[{"start":{"line":382,"column":15},"end":{"line":382,"column":32}},{"start":{"line":382,"column":36},"end":{"line":382,"column":37}}]},"48":{"loc":{"start":{"line":393,"column":6},"end":{"line":395,"column":7}},"type":"if","locations":[{"start":{"line":393,"column":6},"end":{"line":395,"column":7}}]},"49":{"loc":{"start":{"line":393,"column":10},"end":{"line":393,"column":48}},"type":"binary-expr","locations":[{"start":{"line":393,"column":10},"end":{"line":393,"column":27}},{"start":{"line":393,"column":31},"end":{"line":393,"column":48}}]},"50":{"loc":{"start":{"line":418,"column":15},"end":{"line":418,"column":103}},"type":"binary-expr","locations":[{"start":{"line":418,"column":15},"end":{"line":418,"column":55}},{"start":{"line":418,"column":59},"end":{"line":418,"column":103}}]},"51":{"loc":{"start":{"line":421,"column":6},"end":{"line":423,"column":7}},"type":"if","locations":[{"start":{"line":421,"column":6},"end":{"line":423,"column":7}}]},"52":{"loc":{"start":{"line":434,"column":4},"end":{"line":436,"column":5}},"type":"if","locations":[{"start":{"line":434,"column":4},"end":{"line":436,"column":5}}]},"53":{"loc":{"start":{"line":434,"column":8},"end":{"line":434,"column":44}},"type":"binary-expr","locations":[{"start":{"line":434,"column":8},"end":{"line":434,"column":25}},{"start":{"line":434,"column":29},"end":{"line":434,"column":44}}]},"54":{"loc":{"start":{"line":439,"column":4},"end":{"line":518,"column":5}},"type":"if","locations":[{"start":{"line":439,"column":4},"end":{"line":518,"column":5}}]},"55":{"loc":{"start":{"line":440,"column":6},"end":{"line":442,"column":7}},"type":"if","locations":[{"start":{"line":440,"column":6},"end":{"line":442,"column":7}}]},"56":{"loc":{"start":{"line":449,"column":30},"end":{"line":449,"column":66}},"type":"cond-expr","locations":[{"start":{"line":449,"column":52},"end":{"line":449,"column":59}},{"start":{"line":449,"column":62},"end":{"line":449,"column":66}}]},"57":{"loc":{"start":{"line":451,"column":8},"end":{"line":453,"column":9}},"type":"if","locations":[{"start":{"line":451,"column":8},"end":{"line":453,"column":9}}]},"58":{"loc":{"start":{"line":451,"column":12},"end":{"line":451,"column":108}},"type":"binary-expr","locations":[{"start":{"line":451,"column":12},"end":{"line":451,"column":26}},{"start":{"line":451,"column":30},"end":{"line":451,"column":51}},{"start":{"line":451,"column":55},"end":{"line":451,"column":79}},{"start":{"line":451,"column":83},"end":{"line":451,"column":108}}]},"59":{"loc":{"start":{"line":458,"column":18},"end":{"line":458,"column":53}},"type":"binary-expr","locations":[{"start":{"line":458,"column":18},"end":{"line":458,"column":38}},{"start":{"line":458,"column":42},"end":{"line":458,"column":53}}]},"60":{"loc":{"start":{"line":459,"column":21},"end":{"line":459,"column":61}},"type":"binary-expr","locations":[{"start":{"line":459,"column":21},"end":{"line":459,"column":44}},{"start":{"line":459,"column":48},"end":{"line":459,"column":61}}]},"61":{"loc":{"start":{"line":467,"column":8},"end":{"line":503,"column":9}},"type":"if","locations":[{"start":{"line":467,"column":8},"end":{"line":503,"column":9}}]},"62":{"loc":{"start":{"line":467,"column":12},"end":{"line":467,"column":88}},"type":"binary-expr","locations":[{"start":{"line":467,"column":12},"end":{"line":467,"column":41}},{"start":{"line":467,"column":45},"end":{"line":467,"column":88}}]},"63":{"loc":{"start":{"line":470,"column":12},"end":{"line":501,"column":13}},"type":"if","locations":[{"start":{"line":470,"column":12},"end":{"line":501,"column":13}}]},"64":{"loc":{"start":{"line":470,"column":16},"end":{"line":470,"column":65}},"type":"binary-expr","locations":[{"start":{"line":470,"column":16},"end":{"line":470,"column":31}},{"start":{"line":470,"column":35},"end":{"line":470,"column":65}}]},"65":{"loc":{"start":{"line":472,"column":16},"end":{"line":472,"column":46}},"type":"if","locations":[{"start":{"line":472,"column":16},"end":{"line":472,"column":46}}]},"66":{"loc":{"start":{"line":475,"column":38},"end":{"line":475,"column":115}},"type":"binary-expr","locations":[{"start":{"line":475,"column":38},"end":{"line":475,"column":110}},{"start":{"line":475,"column":114},"end":{"line":475,"column":115}}]},"67":{"loc":{"start":{"line":482,"column":26},"end":{"line":482,"column":61}},"type":"binary-expr","locations":[{"start":{"line":482,"column":26},"end":{"line":482,"column":46}},{"start":{"line":482,"column":50},"end":{"line":482,"column":61}}]},"68":{"loc":{"start":{"line":483,"column":29},"end":{"line":483,"column":69}},"type":"binary-expr","locations":[{"start":{"line":483,"column":29},"end":{"line":483,"column":52}},{"start":{"line":483,"column":56},"end":{"line":483,"column":69}}]},"69":{"loc":{"start":{"line":485,"column":24},"end":{"line":485,"column":60}},"type":"binary-expr","locations":[{"start":{"line":485,"column":24},"end":{"line":485,"column":47}},{"start":{"line":485,"column":51},"end":{"line":485,"column":60}}]},"70":{"loc":{"start":{"line":486,"column":24},"end":{"line":486,"column":60}},"type":"binary-expr","locations":[{"start":{"line":486,"column":24},"end":{"line":486,"column":47}},{"start":{"line":486,"column":51},"end":{"line":486,"column":60}}]},"71":{"loc":{"start":{"line":487,"column":22},"end":{"line":487,"column":58}},"type":"binary-expr","locations":[{"start":{"line":487,"column":22},"end":{"line":487,"column":45}},{"start":{"line":487,"column":49},"end":{"line":487,"column":58}}]},"72":{"loc":{"start":{"line":488,"column":24},"end":{"line":488,"column":62}},"type":"binary-expr","locations":[{"start":{"line":488,"column":24},"end":{"line":488,"column":49}},{"start":{"line":488,"column":53},"end":{"line":488,"column":62}}]},"73":{"loc":{"start":{"line":489,"column":28},"end":{"line":489,"column":96}},"type":"cond-expr","locations":[{"start":{"line":489,"column":53},"end":{"line":489,"column":84}},{"start":{"line":489,"column":87},"end":{"line":489,"column":96}}]},"74":{"loc":{"start":{"line":490,"column":25},"end":{"line":490,"column":77}},"type":"cond-expr","locations":[{"start":{"line":490,"column":41},"end":{"line":490,"column":65}},{"start":{"line":490,"column":68},"end":{"line":490,"column":77}}]},"75":{"loc":{"start":{"line":491,"column":23},"end":{"line":498,"column":72}},"type":"cond-expr","locations":[{"start":{"line":491,"column":56},"end":{"line":491,"column":57}},{"start":{"line":492,"column":23},"end":{"line":498,"column":72}}]},"76":{"loc":{"start":{"line":492,"column":23},"end":{"line":498,"column":72}},"type":"cond-expr","locations":[{"start":{"line":492,"column":57},"end":{"line":492,"column":59}},{"start":{"line":493,"column":23},"end":{"line":498,"column":72}}]},"77":{"loc":{"start":{"line":493,"column":23},"end":{"line":498,"column":72}},"type":"cond-expr","locations":[{"start":{"line":493,"column":56},"end":{"line":493,"column":58}},{"start":{"line":494,"column":23},"end":{"line":498,"column":72}}]},"78":{"loc":{"start":{"line":494,"column":23},"end":{"line":498,"column":72}},"type":"cond-expr","locations":[{"start":{"line":494,"column":57},"end":{"line":494,"column":60}},{"start":{"line":495,"column":23},"end":{"line":498,"column":72}}]},"79":{"loc":{"start":{"line":495,"column":23},"end":{"line":498,"column":72}},"type":"cond-expr","locations":[{"start":{"line":495,"column":56},"end":{"line":495,"column":59}},{"start":{"line":496,"column":23},"end":{"line":498,"column":72}}]},"80":{"loc":{"start":{"line":496,"column":23},"end":{"line":498,"column":72}},"type":"cond-expr","locations":[{"start":{"line":496,"column":57},"end":{"line":496,"column":60}},{"start":{"line":497,"column":23},"end":{"line":498,"column":72}}]},"81":{"loc":{"start":{"line":497,"column":23},"end":{"line":498,"column":72}},"type":"cond-expr","locations":[{"start":{"line":497,"column":56},"end":{"line":497,"column":59}},{"start":{"line":498,"column":23},"end":{"line":498,"column":72}}]},"82":{"loc":{"start":{"line":498,"column":23},"end":{"line":498,"column":72}},"type":"cond-expr","locations":[{"start":{"line":498,"column":57},"end":{"line":498,"column":60}},{"start":{"line":498,"column":63},"end":{"line":498,"column":72}}]},"83":{"loc":{"start":{"line":506,"column":25},"end":{"line":506,"column":85}},"type":"binary-expr","locations":[{"start":{"line":506,"column":25},"end":{"line":506,"column":39}},{"start":{"line":506,"column":44},"end":{"line":506,"column":63}},{"start":{"line":506,"column":67},"end":{"line":506,"column":84}}]},"84":{"loc":{"start":{"line":530,"column":4},"end":{"line":534,"column":5}},"type":"if","locations":[{"start":{"line":530,"column":4},"end":{"line":534,"column":5}},{"start":{"line":532,"column":11},"end":{"line":534,"column":5}}]},"85":{"loc":{"start":{"line":532,"column":11},"end":{"line":534,"column":5}},"type":"if","locations":[{"start":{"line":532,"column":11},"end":{"line":534,"column":5}}]},"86":{"loc":{"start":{"line":536,"column":4},"end":{"line":540,"column":5}},"type":"if","locations":[{"start":{"line":536,"column":4},"end":{"line":540,"column":5}},{"start":{"line":538,"column":11},"end":{"line":540,"column":5}}]},"87":{"loc":{"start":{"line":538,"column":11},"end":{"line":540,"column":5}},"type":"if","locations":[{"start":{"line":538,"column":11},"end":{"line":540,"column":5}}]},"88":{"loc":{"start":{"line":562,"column":4},"end":{"line":564,"column":5}},"type":"if","locations":[{"start":{"line":562,"column":4},"end":{"line":564,"column":5}}]},"89":{"loc":{"start":{"line":562,"column":8},"end":{"line":562,"column":56}},"type":"binary-expr","locations":[{"start":{"line":562,"column":8},"end":{"line":562,"column":31}},{"start":{"line":562,"column":35},"end":{"line":562,"column":56}}]},"90":{"loc":{"start":{"line":575,"column":6},"end":{"line":577,"column":7}},"type":"if","locations":[{"start":{"line":575,"column":6},"end":{"line":577,"column":7}}]},"91":{"loc":{"start":{"line":575,"column":10},"end":{"line":575,"column":51}},"type":"binary-expr","locations":[{"start":{"line":575,"column":10},"end":{"line":575,"column":30}},{"start":{"line":575,"column":34},"end":{"line":575,"column":51}}]},"92":{"loc":{"start":{"line":581,"column":20},"end":{"line":581,"column":44}},"type":"binary-expr","locations":[{"start":{"line":581,"column":20},"end":{"line":581,"column":38}},{"start":{"line":581,"column":42},"end":{"line":581,"column":44}}]},"93":{"loc":{"start":{"line":582,"column":16},"end":{"line":582,"column":36}},"type":"binary-expr","locations":[{"start":{"line":582,"column":16},"end":{"line":582,"column":30}},{"start":{"line":582,"column":34},"end":{"line":582,"column":36}}]},"94":{"loc":{"start":{"line":583,"column":19},"end":{"line":583,"column":66}},"type":"binary-expr","locations":[{"start":{"line":583,"column":19},"end":{"line":583,"column":60}},{"start":{"line":583,"column":64},"end":{"line":583,"column":66}}]},"95":{"loc":{"start":{"line":584,"column":17},"end":{"line":584,"column":49}},"type":"binary-expr","locations":[{"start":{"line":584,"column":17},"end":{"line":584,"column":44}},{"start":{"line":584,"column":48},"end":{"line":584,"column":49}}]},"96":{"loc":{"start":{"line":589,"column":15},"end":{"line":589,"column":31}},"type":"binary-expr","locations":[{"start":{"line":589,"column":15},"end":{"line":589,"column":25}},{"start":{"line":589,"column":29},"end":{"line":589,"column":31}}]},"97":{"loc":{"start":{"line":590,"column":20},"end":{"line":590,"column":41}},"type":"binary-expr","locations":[{"start":{"line":590,"column":20},"end":{"line":590,"column":35}},{"start":{"line":590,"column":39},"end":{"line":590,"column":41}}]},"98":{"loc":{"start":{"line":591,"column":16},"end":{"line":591,"column":33}},"type":"binary-expr","locations":[{"start":{"line":591,"column":16},"end":{"line":591,"column":27}},{"start":{"line":591,"column":31},"end":{"line":591,"column":33}}]},"99":{"loc":{"start":{"line":592,"column":19},"end":{"line":592,"column":63}},"type":"binary-expr","locations":[{"start":{"line":592,"column":19},"end":{"line":592,"column":57}},{"start":{"line":592,"column":61},"end":{"line":592,"column":63}}]},"100":{"loc":{"start":{"line":593,"column":17},"end":{"line":593,"column":46}},"type":"binary-expr","locations":[{"start":{"line":593,"column":17},"end":{"line":593,"column":41}},{"start":{"line":593,"column":45},"end":{"line":593,"column":46}}]},"101":{"loc":{"start":{"line":594,"column":14},"end":{"line":594,"column":73}},"type":"cond-expr","locations":[{"start":{"line":594,"column":40},"end":{"line":594,"column":61}},{"start":{"line":594,"column":64},"end":{"line":594,"column":73}}]},"102":{"loc":{"start":{"line":595,"column":18},"end":{"line":595,"column":44}},"type":"binary-expr","locations":[{"start":{"line":595,"column":18},"end":{"line":595,"column":31}},{"start":{"line":595,"column":35},"end":{"line":595,"column":44}}]},"103":{"loc":{"start":{"line":596,"column":14},"end":{"line":596,"column":73}},"type":"cond-expr","locations":[{"start":{"line":596,"column":40},"end":{"line":596,"column":61}},{"start":{"line":596,"column":64},"end":{"line":596,"column":73}}]},"104":{"loc":{"start":{"line":597,"column":18},"end":{"line":597,"column":44}},"type":"binary-expr","locations":[{"start":{"line":597,"column":18},"end":{"line":597,"column":31}},{"start":{"line":597,"column":35},"end":{"line":597,"column":44}}]},"105":{"loc":{"start":{"line":598,"column":12},"end":{"line":598,"column":67}},"type":"cond-expr","locations":[{"start":{"line":598,"column":36},"end":{"line":598,"column":55}},{"start":{"line":598,"column":58},"end":{"line":598,"column":67}}]},"106":{"loc":{"start":{"line":599,"column":14},"end":{"line":599,"column":73}},"type":"cond-expr","locations":[{"start":{"line":599,"column":40},"end":{"line":599,"column":61}},{"start":{"line":599,"column":64},"end":{"line":599,"column":73}}]},"107":{"loc":{"start":{"line":600,"column":17},"end":{"line":600,"column":82}},"type":"cond-expr","locations":[{"start":{"line":600,"column":46},"end":{"line":600,"column":70}},{"start":{"line":600,"column":73},"end":{"line":600,"column":82}}]},"108":{"loc":{"start":{"line":601,"column":17},"end":{"line":601,"column":82}},"type":"cond-expr","locations":[{"start":{"line":601,"column":46},"end":{"line":601,"column":70}},{"start":{"line":601,"column":73},"end":{"line":601,"column":82}}]},"109":{"loc":{"start":{"line":602,"column":18},"end":{"line":602,"column":85}},"type":"cond-expr","locations":[{"start":{"line":602,"column":48},"end":{"line":602,"column":73}},{"start":{"line":602,"column":76},"end":{"line":602,"column":85}}]},"110":{"loc":{"start":{"line":603,"column":15},"end":{"line":603,"column":76}},"type":"cond-expr","locations":[{"start":{"line":603,"column":42},"end":{"line":603,"column":64}},{"start":{"line":603,"column":67},"end":{"line":603,"column":76}}]},"111":{"loc":{"start":{"line":604,"column":13},"end":{"line":604,"column":70}},"type":"cond-expr","locations":[{"start":{"line":604,"column":38},"end":{"line":604,"column":58}},{"start":{"line":604,"column":61},"end":{"line":604,"column":70}}]},"112":{"loc":{"start":{"line":605,"column":14},"end":{"line":605,"column":73}},"type":"cond-expr","locations":[{"start":{"line":605,"column":40},"end":{"line":605,"column":61}},{"start":{"line":605,"column":64},"end":{"line":605,"column":73}}]},"113":{"loc":{"start":{"line":606,"column":15},"end":{"line":606,"column":78}},"type":"cond-expr","locations":[{"start":{"line":606,"column":42},"end":{"line":606,"column":66}},{"start":{"line":606,"column":69},"end":{"line":606,"column":78}}]},"114":{"loc":{"start":{"line":618,"column":6},"end":{"line":620,"column":7}},"type":"if","locations":[{"start":{"line":618,"column":6},"end":{"line":620,"column":7}}]},"115":{"loc":{"start":{"line":640,"column":6},"end":{"line":642,"column":7}},"type":"if","locations":[{"start":{"line":640,"column":6},"end":{"line":642,"column":7}}]},"116":{"loc":{"start":{"line":646,"column":8},"end":{"line":657,"column":9}},"type":"if","locations":[{"start":{"line":646,"column":8},"end":{"line":657,"column":9}}]},"117":{"loc":{"start":{"line":661,"column":57},"end":{"line":661,"column":69}},"type":"default-arg","locations":[{"start":{"line":661,"column":68},"end":{"line":661,"column":69}}]},"118":{"loc":{"start":{"line":664,"column":15},"end":{"line":664,"column":65}},"type":"cond-expr","locations":[{"start":{"line":664,"column":33},"end":{"line":664,"column":54}},{"start":{"line":664,"column":57},"end":{"line":664,"column":65}}]},"119":{"loc":{"start":{"line":665,"column":15},"end":{"line":665,"column":65}},"type":"cond-expr","locations":[{"start":{"line":665,"column":33},"end":{"line":665,"column":54}},{"start":{"line":665,"column":57},"end":{"line":665,"column":65}}]},"120":{"loc":{"start":{"line":666,"column":15},"end":{"line":666,"column":75}},"type":"cond-expr","locations":[{"start":{"line":666,"column":33},"end":{"line":666,"column":64}},{"start":{"line":666,"column":67},"end":{"line":666,"column":75}}]},"121":{"loc":{"start":{"line":667,"column":17},"end":{"line":667,"column":73}},"type":"cond-expr","locations":[{"start":{"line":667,"column":35},"end":{"line":667,"column":62}},{"start":{"line":667,"column":65},"end":{"line":667,"column":73}}]},"122":{"loc":{"start":{"line":681,"column":53},"end":{"line":681,"column":64}},"type":"binary-expr","locations":[{"start":{"line":681,"column":53},"end":{"line":681,"column":59}},{"start":{"line":681,"column":63},"end":{"line":681,"column":64}}]},"123":{"loc":{"start":{"line":706,"column":52},"end":{"line":706,"column":64}},"type":"binary-expr","locations":[{"start":{"line":706,"column":52},"end":{"line":706,"column":59}},{"start":{"line":706,"column":63},"end":{"line":706,"column":64}}]},"124":{"loc":{"start":{"line":728,"column":6},"end":{"line":730,"column":7}},"type":"if","locations":[{"start":{"line":728,"column":6},"end":{"line":730,"column":7}}]},"125":{"loc":{"start":{"line":737,"column":4},"end":{"line":737,"column":43}},"type":"if","locations":[{"start":{"line":737,"column":4},"end":{"line":737,"column":43}}]},"126":{"loc":{"start":{"line":754,"column":4},"end":{"line":754,"column":49}},"type":"if","locations":[{"start":{"line":754,"column":4},"end":{"line":754,"column":49}}]},"127":{"loc":{"start":{"line":754,"column":8},"end":{"line":754,"column":38}},"type":"binary-expr","locations":[{"start":{"line":754,"column":8},"end":{"line":754,"column":15}},{"start":{"line":754,"column":19},"end":{"line":754,"column":38}}]},"128":{"loc":{"start":{"line":764,"column":4},"end":{"line":764,"column":49}},"type":"if","locations":[{"start":{"line":764,"column":4},"end":{"line":764,"column":49}}]},"129":{"loc":{"start":{"line":764,"column":8},"end":{"line":764,"column":38}},"type":"binary-expr","locations":[{"start":{"line":764,"column":8},"end":{"line":764,"column":15}},{"start":{"line":764,"column":19},"end":{"line":764,"column":38}}]},"130":{"loc":{"start":{"line":769,"column":4},"end":{"line":769,"column":30}},"type":"if","locations":[{"start":{"line":769,"column":4},"end":{"line":769,"column":30}}]},"131":{"loc":{"start":{"line":770,"column":11},"end":{"line":772,"column":17}},"type":"cond-expr","locations":[{"start":{"line":771,"column":8},"end":{"line":771,"column":68}},{"start":{"line":772,"column":8},"end":{"line":772,"column":17}}]},"132":{"loc":{"start":{"line":789,"column":30},"end":{"line":789,"column":99}},"type":"binary-expr","locations":[{"start":{"line":789,"column":30},"end":{"line":789,"column":46}},{"start":{"line":789,"column":50},"end":{"line":789,"column":99}}]},"133":{"loc":{"start":{"line":791,"column":6},"end":{"line":793,"column":7}},"type":"if","locations":[{"start":{"line":791,"column":6},"end":{"line":793,"column":7}}]},"134":{"loc":{"start":{"line":791,"column":10},"end":{"line":791,"column":58}},"type":"binary-expr","locations":[{"start":{"line":791,"column":10},"end":{"line":791,"column":26}},{"start":{"line":791,"column":30},"end":{"line":791,"column":58}}]},"135":{"loc":{"start":{"line":800,"column":28},"end":{"line":800,"column":64}},"type":"cond-expr","locations":[{"start":{"line":800,"column":50},"end":{"line":800,"column":57}},{"start":{"line":800,"column":60},"end":{"line":800,"column":64}}]},"136":{"loc":{"start":{"line":802,"column":6},"end":{"line":804,"column":7}},"type":"if","locations":[{"start":{"line":802,"column":6},"end":{"line":804,"column":7}}]},"137":{"loc":{"start":{"line":802,"column":10},"end":{"line":802,"column":77}},"type":"binary-expr","locations":[{"start":{"line":802,"column":10},"end":{"line":802,"column":24}},{"start":{"line":802,"column":28},"end":{"line":802,"column":49}},{"start":{"line":802,"column":53},"end":{"line":802,"column":77}}]},"138":{"loc":{"start":{"line":810,"column":24},"end":{"line":810,"column":120}},"type":"cond-expr","locations":[{"start":{"line":810,"column":43},"end":{"line":810,"column":44}},{"start":{"line":810,"column":47},"end":{"line":810,"column":120}}]},"139":{"loc":{"start":{"line":813,"column":23},"end":{"line":813,"column":83}},"type":"binary-expr","locations":[{"start":{"line":813,"column":23},"end":{"line":813,"column":37}},{"start":{"line":813,"column":42},"end":{"line":813,"column":61}},{"start":{"line":813,"column":65},"end":{"line":813,"column":82}}]},"140":{"loc":{"start":{"line":817,"column":14},"end":{"line":817,"column":40}},"type":"binary-expr","locations":[{"start":{"line":817,"column":14},"end":{"line":817,"column":34}},{"start":{"line":817,"column":38},"end":{"line":817,"column":40}}]},"141":{"loc":{"start":{"line":818,"column":18},"end":{"line":818,"column":47}},"type":"binary-expr","locations":[{"start":{"line":818,"column":18},"end":{"line":818,"column":41}},{"start":{"line":818,"column":45},"end":{"line":818,"column":47}}]},"142":{"loc":{"start":{"line":838,"column":6},"end":{"line":840,"column":7}},"type":"if","locations":[{"start":{"line":838,"column":6},"end":{"line":840,"column":7}}]},"143":{"loc":{"start":{"line":838,"column":10},"end":{"line":838,"column":58}},"type":"binary-expr","locations":[{"start":{"line":838,"column":10},"end":{"line":838,"column":26}},{"start":{"line":838,"column":30},"end":{"line":838,"column":58}}]},"144":{"loc":{"start":{"line":843,"column":6},"end":{"line":845,"column":7}},"type":"if","locations":[{"start":{"line":843,"column":6},"end":{"line":845,"column":7}}]},"145":{"loc":{"start":{"line":843,"column":10},"end":{"line":843,"column":73}},"type":"binary-expr","locations":[{"start":{"line":843,"column":10},"end":{"line":843,"column":41}},{"start":{"line":843,"column":45},"end":{"line":843,"column":73}}]},"146":{"loc":{"start":{"line":853,"column":8},"end":{"line":853,"column":72}},"type":"if","locations":[{"start":{"line":853,"column":8},"end":{"line":853,"column":72}}]},"147":{"loc":{"start":{"line":853,"column":12},"end":{"line":853,"column":61}},"type":"binary-expr","locations":[{"start":{"line":853,"column":12},"end":{"line":853,"column":34}},{"start":{"line":853,"column":38},"end":{"line":853,"column":61}}]},"148":{"loc":{"start":{"line":859,"column":8},"end":{"line":859,"column":74}},"type":"if","locations":[{"start":{"line":859,"column":8},"end":{"line":859,"column":74}}]},"149":{"loc":{"start":{"line":859,"column":12},"end":{"line":859,"column":63}},"type":"binary-expr","locations":[{"start":{"line":859,"column":12},"end":{"line":859,"column":35}},{"start":{"line":859,"column":39},"end":{"line":859,"column":63}}]},"150":{"loc":{"start":{"line":868,"column":8},"end":{"line":871,"column":9}},"type":"if","locations":[{"start":{"line":868,"column":8},"end":{"line":871,"column":9}}]},"151":{"loc":{"start":{"line":874,"column":6},"end":{"line":876,"column":7}},"type":"if","locations":[{"start":{"line":874,"column":6},"end":{"line":876,"column":7}}]},"152":{"loc":{"start":{"line":900,"column":6},"end":{"line":902,"column":7}},"type":"if","locations":[{"start":{"line":900,"column":6},"end":{"line":902,"column":7}}]},"153":{"loc":{"start":{"line":900,"column":10},"end":{"line":900,"column":58}},"type":"binary-expr","locations":[{"start":{"line":900,"column":10},"end":{"line":900,"column":26}},{"start":{"line":900,"column":30},"end":{"line":900,"column":58}}]},"154":{"loc":{"start":{"line":905,"column":6},"end":{"line":907,"column":7}},"type":"if","locations":[{"start":{"line":905,"column":6},"end":{"line":907,"column":7}}]},"155":{"loc":{"start
[...]
,"C:\\INFORMATICA\\STW\\Proyecto\\BACKEND\\fuentes_de_datos\\aemet\\src\\lib\\constants.ts": {"path":"C:\\INFORMATICA\\STW\\Proyecto\\BACKEND\\fuentes_de_datos\\aemet\\src\\lib\\constants.ts","statementMap":{"0":{"start":{"line":6,"column":13},"end":{"line":6,"column":73}},"1":{"start":{"line":9,"column":13},"end":{"line":9,"column":37}},"2":{"start":{"line":12,"column":13},"end":{"line":33,"column":2}},"3":{"start":{"line":36,"column":13},"end":{"line":99,"column":2}},"4":{"start":{"line":102,"column":13},"end":{"line":110,"column":2}},"5":{"start":{"line":113,"column":13},"end":{"line":163,"column":2}},"6":{"start":{"line":166,"column":13},"end":{"line":219,"column":2}}},"fnMap":{},"branchMap":{},"s":{"0":4,"1":4,"2":4,"3":4,"4":4,"5":4,"6":4},"f":{},"b":{}}
,"C:\\INFORMATICA\\STW\\Proyecto\\BACKEND\\fuentes_de_datos\\aemet\\src\\lib\\utils.ts": {"path":"C:\\INFORMATICA\\STW\\Proyecto\\BACKEND\\fuentes_de_datos\\aemet\\src\\lib\\utils.ts","statementMap":{"0":{"start":{"line":15,"column":0},"end":{"line":15,"column":7}},"1":{"start":{"line":168,"column":0},"end":{"line":168,"column":16}},"2":{"start":{"line":177,"column":0},"end":{"line":177,"column":16}},"3":{"start":{"line":187,"column":0},"end":{"line":187,"column":16}},"4":{"start":{"line":5,"column":0},"end":{"line":5,"column":26}},"5":{"start":{"line":6,"column":0},"end":{"line":6,"column":41}},"6":{"start":{"line":16,"column":22},"end":{"line":16,"column":23}},"7":{"start":{"line":17,"column":17},"end":{"line":17,"column":18}},"8":{"start":{"line":18,"column":32},"end":{"line":18,"column":36}},"9":{"start":{"line":20,"column":2},"end":{"line":157,"column":3}},"10":{"start":{"line":21,"column":4},"end":{"line":156,"column":5}},"11":{"start":{"line":22,"column":6},"end":{"line":22,"column":62}},"12":{"start":{"line":25,"column":26},"end":{"line":32,"column":8}},"13":{"start":{"line":35,"column":6},"end":{"line":37,"column":7}},"14":{"start":{"line":36,"column":8},"end":{"line":36,"column":114}},"15":{"start":{"line":40,"column":25},"end":{"line":40,"column":41}},"16":{"start":{"line":41,"column":6},"end":{"line":49,"column":7}},"17":{"start":{"line":44,"column":8},"end":{"line":48,"column":9}},"18":{"start":{"line":45,"column":10},"end":{"line":45,"column":54}},"19":{"start":{"line":47,"column":10},"end":{"line":47,"column":64}},"20":{"start":{"line":51,"column":6},"end":{"line":51,"column":46}},"21":{"start":{"line":55,"column":6},"end":{"line":116,"column":7}},"22":{"start":{"line":56,"column":24},"end":{"line":56,"column":42}},"23":{"start":{"line":57,"column":8},"end":{"line":59,"column":9}},"24":{"start":{"line":58,"column":10},"end":{"line":58,"column":82}},"25":{"start":{"line":62,"column":8},"end":{"line":113,"column":9}},"26":{"start":{"line":63,"column":10},"end":{"line":63,"column":53}},"27":{"start":{"line":64,"column":10},"end":{"line":108,"column":11}},"28":{"start":{"line":65,"column":29},"end":{"line":71,"column":14}},"29":{"start":{"line":74,"column":23},"end":{"line":74,"column":36}},"30":{"start":{"line":75,"column":12},"end":{"line":83,"column":13}},"31":{"start":{"line":78,"column":14},"end":{"line":82,"column":15}},"32":{"start":{"line":79,"column":16},"end":{"line":79,"column":49}},"33":{"start":{"line":81,"column":16},"end":{"line":81,"column":66}},"34":{"start":{"line":86,"column":12},"end":{"line":99,"column":13}},"35":{"start":{"line":87,"column":14},"end":{"line":87,"column":39}},"36":{"start":{"line":88,"column":19},"end":{"line":99,"column":13}},"37":{"start":{"line":90,"column":14},"end":{"line":95,"column":17}},"38":{"start":{"line":91,"column":16},"end":{"line":93,"column":17}},"39":{"start":{"line":92,"column":18},"end":{"line":92,"column":47}},"40":{"start":{"line":94,"column":16},"end":{"line":94,"column":28}},"41":{"start":{"line":98,"column":14},"end":{"line":98,"column":40}},"42":{"start":{"line":101,"column":12},"end":{"line":101,"column":24}},"43":{"start":{"line":103,"column":12},"end":{"line":103,"column":56}},"44":{"start":{"line":104,"column":12},"end":{"line":106,"column":13}},"45":{"start":{"line":105,"column":14},"end":{"line":105,"column":67}},"46":{"start":{"line":107,"column":12},"end":{"line":107,"column":139}},"47":{"start":{"line":111,"column":10},"end":{"line":111,"column":43}},"48":{"start":{"line":112,"column":10},"end":{"line":112,"column":30}},"49":{"start":{"line":115,"column":8},"end":{"line":115,"column":166}},"50":{"start":{"line":118,"column":6},"end":{"line":118,"column":82}},"51":{"start":{"line":121,"column":27},"end":{"line":121,"column":87}},"52":{"start":{"line":122,"column":29},"end":{"line":122,"column":68}},"53":{"start":{"line":124,"column":6},"end":{"line":131,"column":7}},"54":{"start":{"line":125,"column":8},"end":{"line":125,"column":92}},"55":{"start":{"line":127,"column":27},"end":{"line":127,"column":76}},"56":{"start":{"line":128,"column":8},"end":{"line":128,"column":70}},"57":{"start":{"line":128,"column":37},"end":{"line":128,"column":68}},"58":{"start":{"line":129,"column":8},"end":{"line":129,"column":19}},"59":{"start":{"line":130,"column":8},"end":{"line":130,"column":17}},"60":{"start":{"line":133,"column":6},"end":{"line":154,"column":7}},"61":{"start":{"line":134,"column":8},"end":{"line":134,"column":56}},"62":{"start":{"line":136,"column":8},"end":{"line":153,"column":9}},"63":{"start":{"line":138,"column":30},"end":{"line":138,"column":68}},"64":{"start":{"line":139,"column":10},"end":{"line":148,"column":11}},"65":{"start":{"line":141,"column":12},"end":{"line":145,"column":13}},"66":{"start":{"line":142,"column":14},"end":{"line":142,"column":147}},"67":{"start":{"line":144,"column":14},"end":{"line":144,"column":99}},"68":{"start":{"line":147,"column":12},"end":{"line":147,"column":87}},"69":{"start":{"line":149,"column":15},"end":{"line":153,"column":9}},"70":{"start":{"line":150,"column":10},"end":{"line":150,"column":81}},"71":{"start":{"line":152,"column":10},"end":{"line":152,"column":88}},"72":{"start":{"line":155,"column":6},"end":{"line":155,"column":22}},"73":{"start":{"line":160,"column":2},"end":{"line":160,"column":119}},"74":{"start":{"line":169,"column":2},"end":{"line":169,"column":43}},"75":{"start":{"line":178,"column":2},"end":{"line":178,"column":42}},"76":{"start":{"line":188,"column":2},"end":{"line":192,"column":3}},"77":{"start":{"line":189,"column":18},"end":{"line":189,"column":28}},"78":{"start":{"line":190,"column":4},"end":{"line":190,"column":42}},"79":{"start":{"line":191,"column":4},"end":{"line":191,"column":17}},"80":{"start":{"line":194,"column":2},"end":{"line":196,"column":3}},"81":{"start":{"line":195,"column":4},"end":{"line":195,"column":38}},"82":{"start":{"line":198,"column":18},"end":{"line":198,"column":34}},"83":{"start":{"line":200,"column":2},"end":{"line":202,"column":3}},"84":{"start":{"line":201,"column":4},"end":{"line":201,"column":57}},"85":{"start":{"line":204,"column":2},"end":{"line":204,"column":62}},"86":{"start":{"line":204,"column":32},"end":{"line":204,"column":60}}},"fnMap":{"0":{"name":"fetchAemetData","decl":{"start":{"line":15,"column":22},"end":{"line":15,"column":36}},"loc":{"start":{"line":15,"column":89},"end":{"line":161,"column":1}}},"1":{"name":"(anonymous_2)","decl":{"start":{"line":90,"column":30},"end":{"line":90,"column":34}},"loc":{"start":{"line":90,"column":37},"end":{"line":95,"column":15}}},"2":{"name":"(anonymous_3)","decl":{"start":{"line":128,"column":26},"end":{"line":128,"column":33}},"loc":{"start":{"line":128,"column":37},"end":{"line":128,"column":68}}},"3":{"name":"getSkyStateDescription","decl":{"start":{"line":168,"column":16},"end":{"line":168,"column":38}},"loc":{"start":{"line":168,"column":51},"end":{"line":170,"column":1}}},"4":{"name":"formatDate","decl":{"start":{"line":177,"column":16},"end":{"line":177,"column":26}},"loc":{"start":{"line":177,"column":37},"end":{"line":179,"column":1}}},"5":{"name":"getDayForecast","decl":{"start":{"line":187,"column":16},"end":{"line":187,"column":30}},"loc":{"start":{"line":187,"column":67},"end":{"line":205,"column":1}}},"6":{"name":"(anonymous_7)","decl":{"start":{"line":204,"column":23},"end":{"line":204,"column":24}},"loc":{"start":{"line":204,"column":32},"end":{"line":204,"column":60}}}},"branchMap":{"0":{"loc":{"start":{"line":15,"column":66},"end":{"line":15,"column":89}},"type":"default-arg","locations":[{"start":{"line":15,"column":84},"end":{"line":15,"column":89}}]},"1":{"loc":{"start":{"line":35,"column":6},"end":{"line":37,"column":7}},"type":"if","locations":[{"start":{"line":35,"column":6},"end":{"line":37,"column":7}}]},"2":{"loc":{"start":{"line":35,"column":10},"end":{"line":35,"column":135}},"type":"binary-expr","locations":[{"start":{"line":35,"column":10},"end":{"line":35,"column":36}},{"start":{"line":35,"column":41},"end":{"line":35,"column":58}},{"start":{"line":35,"column":63},"end":{"line":35,"column":99}},{"start":{"line":35,"column":103},"end":{"line":35,"column":133}}]},"3":{"loc":{"start":{"line":41,"column":6},"end":{"line":49,"column":7}},"type":"if","locations":[{"start":{"line":41,"column":6},"end":{"line":49,"column":7}}]},"4":{"loc":{"start":{"line":41,"column":10},"end":{"line":43,"column":49}},"type":"binary-expr","locations":[{"start":{"line":41,"column":10},"end":{"line":41,"column":46}},{"start":{"line":42,"column":10},"end":{"line":42,"column":69}},{"start":{"line":43,"column":10},"end":{"line":43,"column":49}}]},"5":{"loc":{"start":{"line":55,"column":6},"end":{"line":116,"column":7}},"type":"if","locations":[{"start":{"line":55,"column":6},"end":{"line":116,"column":7}},{"start":{"line":114,"column":13},"end":{"line":116,"column":7}}]},"6":{"loc":{"start":{"line":57,"column":8},"end":{"line":59,"column":9}},"type":"if","locations":[{"start":{"line":57,"column":8},"end":{"line":59,"column":9}}]},"7":{"loc":{"start":{"line":62,"column":8},"end":{"line":113,"column":9}},"type":"if","locations":[{"start":{"line":62,"column":8},"end":{"line":113,"column":9}},{"start":{"line":109,"column":15},"end":{"line":113,"column":9}}]},"8":{"loc":{"start":{"line":62,"column":12},"end":{"line":62,"column":108}},"type":"binary-expr","locations":[{"start":{"line":62,"column":12},"end":{"line":62,"column":39}},{"start":{"line":62,"column":44},"end":{"line":62,"column":73}},{"start":{"line":62,"column":77},"end":{"line":62,"column":107}}]},"9":{"loc":{"start":{"line":75,"column":12},"end":{"line":83,"column":13}},"type":"if","locations":[{"start":{"line":75,"column":12},"end":{"line":83,"column":13}}]},"10":{"loc":{"start":{"line":75,"column":16},"end":{"line":77,"column":94}},"type":"binary-expr","locations":[{"start":{"line":75,"column":16},"end":{"line":75,"column":49}},{"start":{"line":76,"column":16},"end":{"line":76,"column":72}},{"start":{"line":77,"column":17},"end":{"line":77,"column":53}},{"start":{"line":77,"column":57},"end":{"line":77,"column":93}}]},"11":{"loc":{"start":{"line":86,"column":12},"end":{"line":99,"column":13}},"type":"if","locations":[{"start":{"line":86,"column":12},"end":{"line":99,"column":13}},{"start":{"line":88,"column":19},"end":{"line":99,"column":13}}]},"12":{"loc":{"start":{"line":86,"column":16},"end":{"line":86,"column":57}},"type":"binary-expr","locations":[{"start":{"line":86,"column":16},"end":{"line":86,"column":40}},{"start":{"line":86,"column":44},"end":{"line":86,"column":57}}]},"13":{"loc":{"start":{"line":88,"column":19},"end":{"line":99,"column":13}},"type":"if","locations":[{"start":{"line":88,"column":19},"end":{"line":99,"column":13}},{"start":{"line":96,"column":19},"end":{"line":99,"column":13}}]},"14":{"loc":{"start":{"line":91,"column":16},"end":{"line":93,"column":17}},"type":"if","locations":[{"start":{"line":91,"column":16},"end":{"line":93,"column":17}}]},"15":{"loc":{"start":{"line":91,"column":20},"end":{"line":91,"column":61}},"type":"binary-expr","locations":[{"start":{"line":91,"column":20},"end":{"line":91,"column":44}},{"start":{"line":91,"column":48},"end":{"line":91,"column":61}}]},"16":{"loc":{"start":{"line":104,"column":12},"end":{"line":106,"column":13}},"type":"if","locations":[{"start":{"line":104,"column":12},"end":{"line":106,"column":13}}]},"17":{"loc":{"start":{"line":104,"column":16},"end":{"line":104,"column":67}},"type":"binary-expr","locations":[{"start":{"line":104,"column":16},"end":{"line":104,"column":45}},{"start":{"line":104,"column":49},"end":{"line":104,"column":67}}]},"18":{"loc":{"start":{"line":107,"column":67},"end":{"line":107,"column":135}},"type":"cond-expr","locations":[{"start":{"line":107,"column":96},"end":{"line":107,"column":113}},{"start":{"line":107,"column":116},"end":{"line":107,"column":135}}]},"19":{"loc":{"start":{"line":115,"column":60},"end":{"line":115,"column":106}},"type":"binary-expr","locations":[{"start":{"line":115,"column":60},"end":{"line":115,"column":85}},{"start":{"line":115,"column":89},"end":{"line":115,"column":106}}]},"20":{"loc":{"start":{"line":115,"column":119},"end":{"line":115,"column":161}},"type":"binary-expr","locations":[{"start":{"line":115,"column":119},"end":{"line":115,"column":139}},{"start":{"line":115,"column":143},"end":{"line":115,"column":161}}]},"21":{"loc":{"start":{"line":118,"column":18},"end":{"line":118,"column":81}},"type":"cond-expr","locations":[{"start":{"line":118,"column":43},"end":{"line":118,"column":48}},{"start":{"line":118,"column":51},"end":{"line":118,"column":81}}]},"22":{"loc":{"start":{"line":121,"column":27},"end":{"line":121,"column":87}},"type":"cond-expr","locations":[{"start":{"line":121,"column":52},"end":{"line":121,"column":65}},{"start":{"line":121,"column":68},"end":{"line":121,"column":87}}]},"23":{"loc":{"start":{"line":124,"column":6},"end":{"line":131,"column":7}},"type":"if","locations":[{"start":{"line":124,"column":6},"end":{"line":131,"column":7}}]},"24":{"loc":{"start":{"line":124,"column":10},"end":{"line":124,"column":50}},"type":"binary-expr","locations":[{"start":{"line":124,"column":10},"end":{"line":124,"column":24}},{"start":{"line":124,"column":28},"end":{"line":124,"column":50}}]},"25":{"loc":{"start":{"line":133,"column":6},"end":{"line":154,"column":7}},"type":"if","locations":[{"start":{"line":133,"column":6},"end":{"line":154,"column":7}}]},"26":{"loc":{"start":{"line":136,"column":8},"end":{"line":153,"column":9}},"type":"if","locations":[{"start":{"line":136,"column":8},"end":{"line":153,"column":9}},{"start":{"line":149,"column":15},"end":{"line":153,"column":9}}]},"27":{"loc":{"start":{"line":139,"column":10},"end":{"line":148,"column":11}},"type":"if","locations":[{"start":{"line":139,"column":10},"end":{"line":148,"column":11}},{"start":{"line":146,"column":17},"end":{"line":148,"column":11}}]},"28":{"loc":{"start":{"line":139,"column":14},"end":{"line":139,"column":62}},"type":"binary-expr","locations":[{"start":{"line":139,"column":14},"end":{"line":139,"column":25}},{"start":{"line":139,"column":29},"end":{"line":139,"column":62}}]},"29":{"loc":{"start":{"line":141,"column":12},"end":{"line":145,"column":13}},"type":"if","locations":[{"start":{"line":141,"column":12},"end":{"line":145,"column":13}},{"start":{"line":143,"column":19},"end":{"line":145,"column":13}}]},"30":{"loc":{"start":{"line":149,"column":15},"end":{"line":153,"column":9}},"type":"if","locations":[{"start":{"line":149,"column":15},"end":{"line":153,"column":9}},{"start":{"line":151,"column":15},"end":{"line":153,"column":9}}]},"31":{"loc":{"start":{"line":160,"column":80},"end":{"line":160,"column":115}},"type":"binary-expr","locations":[{"start":{"line":160,"column":80},"end":{"line":160,"column":98}},{"start":{"line":160,"column":102},"end":{"line":160,"column":115}}]},"32":{"loc":{"start":{"line":169,"column":9},"end":{"line":169,"column":42}},"type":"binary-expr","locations":[{"start":{"line":169,"column":9},"end":{"line":169,"column":25}},{"start":{"line":169,"column":29},"end":{"line":169,"column":42}}]},"33":{"loc":{"start":{"line":188,"column":2},"end":{"line":192,"column":3}},"type":"if","locations":[{"start":{"line":188,"column":2},"end":{"line":192,"column":3}}]},"34":{"loc":{"start":{"line":194,"column":2},"end":{"line":196,"column":3}},"type":"if","locations":[{"start":{"line":194,"column":2},"end":{"line":196,"column":3}}]},"35":{"loc":{"start":{"line":194,"column":6},"end":{"line":194,"column":54}},"type":"binary-expr","locations":[{"start":{"line":194,"column":6},"end":{"line":194,"column":29}},{"start":{"line":194,"column":33},"end":{"line":194,"column":54}}]},"36":{"loc":{"start":{"line":200,"column":2},"end":{"line":202,"column":3}},"type":"if","locations":[{"start":{"line":200,"column":2},"end":{"line":202,"column":3}}]},"37":{"loc":{"start":{"line":200,"column":6},"end":{"line":200,"column":43}},"type":"binary-expr","locations":[{"start":{"line":200,"column":6},"end":{"line":200,"column":15}},{"start":{"line":200,"column":19},"end":{"line":200,"column":43}}]},"38":{"loc":{"start":{"line":204,"column":32},"end":{"line":204,"column":60}},"type":"binary-expr","locations":[{"start":{"line":204,"column":32},"end":{"line":204,"column":35}},{"start":{"line":204,"column":39},"end":{"line":204,"column":60}}]}},"s":{"0":4,"1":4,"2":4,"3":4,"4":4,"5":4,"6":6,"7":6,"8":6,"9":6,"10":6,"11":6,"12":6,"13":4,"14":1,"15":3,"16":3,"17":0,"18":0,"19":0,"20":3,"21":3,"22":3,"23":3,"24":1,"25":2,"26":2,"27":2,"28":2,"29":1,"30":1,"31":1,"32":1,"33":0,"34":1,"35":1,"36":0,"37":0,"38":0,"39":0,"40":0,"41":0,"42":1,"43":1,"44":1,"45":1,"46":1,"47":0,"48":0,"49":0,"50":5,"51":5,"52":5,"53":5,"54":0,"55":0,"56":0,"57":0,"58":0,"59":0,"60":5,"61":2,"62":2,"63":1,"64":1,"65":0,"66":0,"67":0,"68":1,"69":1,"70":1,"71":0,"72":3,"73":0,"74":5,"75":9,"76":8,"77":3,"78":3,"79":3,"80":8,"81":1,"82":7,"83":7,"84":2,"85":5,"86":11},"f":{"0":6,"1":0,"2":0,"3":5,"4":9,"5":8,"6":11},"b":{"0":[0],"1":[1],"2":[4,4,3,3],"3":[0],"4":[3,3,0],"5":[3,0],"6":[1],"7":[2,0],"8":[2,2,2],"9":[1],"10":[1,1,1,1],"11":[1,0],"12":[1,1],"13":[0,0],"14":[0],"15":[0,0],"16":[1],"17":[1,1],"18":[1,0],"19":[0,0],"20":[0,0],"21":[5,0],"22":[5,0],"23":[0],"24":[5,0],"25":[2],"26":[1,1],"27":[0,1],"28":[1,1],"29":[0,0],"30":[1,0],"31":[0,0],"32":[5,2],"33":[3],"34":[1],"35":[8,8],"36":[2],"37":[7,6],"38":[11,11]}}
}
