TN:
SF:src\aemet.ts
FN:43,(anonymous_0)
FN:58,(anonymous_1)
FN:100,(anonymous_2)
FN:145,(anonymous_3)
FN:161,(anonymous_4)
FN:177,(anonymous_5)
FN:193,(anonymous_6)
FN:211,(anonymous_7)
FN:278,(anonymous_8)
FN:284,(anonymous_9)
FN:294,(anonymous_10)
FN:304,(anonymous_11)
FN:328,(anonymous_12)
FN:337,(anonymous_13)
FN:366,(anonymous_14)
FN:409,(anonymous_15)
FN:414,(anonymous_16)
FN:433,(anonymous_17)
FN:475,(anonymous_18)
FN:476,(anonymous_19)
FN:477,(anonymous_20)
FN:588,(anonymous_21)
FN:631,(anonymous_22)
FN:636,(anonymous_23)
FN:645,(anonymous_24)
FN:646,(anonymous_25)
FN:661,(anonymous_26)
FN:662,(anonymous_27)
FN:673,(anonymous_28)
FN:674,(anonymous_29)
FN:675,(anonymous_30)
FN:679,(anonymous_31)
FN:680,(anonymous_32)
FN:681,(anonymous_33)
FN:685,(anonymous_34)
FN:686,(anonymous_35)
FN:687,(anonymous_36)
FN:688,(anonymous_37)
FN:692,(anonymous_38)
FN:693,(anonymous_39)
FN:695,(anonymous_40)
FN:695,(anonymous_41)
FN:700,(anonymous_42)
FN:701,(anonymous_43)
FN:705,(anonymous_44)
FN:706,(anonymous_45)
FN:715,(anonymous_46)
FN:736,(anonymous_47)
FN:739,(anonymous_48)
FN:741,(anonymous_49)
FN:753,(anonymous_50)
FN:755,(anonymous_51)
FN:763,(anonymous_52)
FN:765,(anonymous_53)
FN:768,(anonymous_54)
FN:782,(anonymous_55)
FN:835,(anonymous_56)
FN:893,(anonymous_57)
FN:910,(anonymous_58)
FN:946,(anonymous_59)
FN:963,(anonymous_60)
FN:972,(anonymous_61)
FN:1005,(anonymous_62)
FN:1006,(anonymous_63)
FN:1009,(anonymous_64)
FN:1012,(anonymous_65)
FN:1013,(anonymous_66)
FN:1016,(anonymous_67)
FN:1017,(anonymous_68)
FN:1018,(anonymous_69)
FN:1019,(anonymous_70)
FN:1066,(anonymous_71)
FN:1077,(anonymous_72)
FN:1077,(anonymous_73)
FN:1078,(anonymous_74)
FN:1078,(anonymous_75)
FN:1079,(anonymous_76)
FN:1079,(anonymous_77)
FN:1080,(anonymous_78)
FN:1080,(anonymous_79)
FN:1081,(anonymous_80)
FN:1081,(anonymous_81)
FN:1082,(anonymous_82)
FN:1082,(anonymous_83)
FN:1087,(anonymous_84)
FN:1089,(anonymous_85)
FN:1091,(anonymous_86)
FN:1094,(anonymous_87)
FNF:88
FNH:39
FNDA:31,(anonymous_0)
FNDA:5,(anonymous_1)
FNDA:2,(anonymous_2)
FNDA:2,(anonymous_3)
FNDA:2,(anonymous_4)
FNDA:2,(anonymous_5)
FNDA:2,(anonymous_6)
FNDA:6,(anonymous_7)
FNDA:6,(anonymous_8)
FNDA:6,(anonymous_9)
FNDA:0,(anonymous_10)
FNDA:0,(anonymous_11)
FNDA:3,(anonymous_12)
FNDA:6,(anonymous_13)
FNDA:12,(anonymous_14)
FNDA:2,(anonymous_15)
FNDA:4,(anonymous_16)
FNDA:5,(anonymous_17)
FNDA:0,(anonymous_18)
FNDA:0,(anonymous_19)
FNDA:0,(anonymous_20)
FNDA:4,(anonymous_21)
FNDA:0,(anonymous_22)
FNDA:0,(anonymous_23)
FNDA:0,(anonymous_24)
FNDA:0,(anonymous_25)
FNDA:0,(anonymous_26)
FNDA:0,(anonymous_27)
FNDA:0,(anonymous_28)
FNDA:0,(anonymous_29)
FNDA:0,(anonymous_30)
FNDA:0,(anonymous_31)
FNDA:0,(anonymous_32)
FNDA:0,(anonymous_33)
FNDA:0,(anonymous_34)
FNDA:0,(anonymous_35)
FNDA:0,(anonymous_36)
FNDA:0,(anonymous_37)
FNDA:0,(anonymous_38)
FNDA:0,(anonymous_39)
FNDA:0,(anonymous_40)
FNDA:0,(anonymous_41)
FNDA:0,(anonymous_42)
FNDA:0,(anonymous_43)
FNDA:0,(anonymous_44)
FNDA:0,(anonymous_45)
FNDA:0,(anonymous_46)
FNDA:0,(anonymous_47)
FNDA:0,(anonymous_48)
FNDA:0,(anonymous_49)
FNDA:5,(anonymous_50)
FNDA:8,(anonymous_51)
FNDA:4,(anonymous_52)
FNDA:6,(anonymous_53)
FNDA:12,(anonymous_54)
FNDA:0,(anonymous_55)
FNDA:0,(anonymous_56)
FNDA:0,(anonymous_57)
FNDA:0,(anonymous_58)
FNDA:0,(anonymous_59)
FNDA:0,(anonymous_60)
FNDA:0,(anonymous_61)
FNDA:0,(anonymous_62)
FNDA:0,(anonymous_63)
FNDA:0,(anonymous_64)
FNDA:0,(anonymous_65)
FNDA:0,(anonymous_66)
FNDA:0,(anonymous_67)
FNDA:0,(anonymous_68)
FNDA:0,(anonymous_69)
FNDA:0,(anonymous_70)
FNDA:1,(anonymous_71)
FNDA:2,(anonymous_72)
FNDA:2,(anonymous_73)
FNDA:2,(anonymous_74)
FNDA:2,(anonymous_75)
FNDA:2,(anonymous_76)
FNDA:2,(anonymous_77)
FNDA:2,(anonymous_78)
FNDA:2,(anonymous_79)
FNDA:2,(anonymous_80)
FNDA:2,(anonymous_81)
FNDA:2,(anonymous_82)
FNDA:2,(anonymous_83)
FNDA:2,(anonymous_84)
FNDA:1,(anonymous_85)
FNDA:2,(anonymous_86)
FNDA:2,(anonymous_87)
DA:16,2
DA:22,2
DA:31,2
DA:35,31
DA:36,31
DA:44,31
DA:45,1
DA:48,30
DA:49,30
DA:50,30
DA:59,5
DA:60,3
DA:63,2
DA:64,2
DA:65,2
DA:68,1
DA:69,1
DA:72,1
DA:73,1
DA:74,1
DA:77,1
DA:79,1
DA:88,1
DA:89,1
DA:91,0
DA:101,2
DA:102,1
DA:105,1
DA:106,1
DA:107,1
DA:110,1
DA:111,1
DA:114,1
DA:115,1
DA:116,1
DA:119,1
DA:122,1
DA:124,1
DA:134,0
DA:135,0
DA:137,0
DA:146,2
DA:147,2
DA:148,2
DA:150,1
DA:151,1
DA:153,0
DA:162,2
DA:163,2
DA:164,2
DA:166,1
DA:167,1
DA:169,0
DA:178,2
DA:179,2
DA:180,2
DA:182,1
DA:183,1
DA:185,0
DA:194,2
DA:195,2
DA:196,2
DA:198,1
DA:199,1
DA:201,0
DA:212,6
DA:214,6
DA:215,0
DA:218,6
DA:220,6
DA:221,0
DA:225,6
DA:228,6
DA:229,6
DA:231,6
DA:233,6
DA:239,6
DA:246,6
DA:255,0
DA:256,0
DA:258,0
DA:262,0
DA:279,6
DA:280,0
DA:284,6
DA:285,6
DA:286,6
DA:290,6
DA:292,0
DA:294,0
DA:295,0
DA:296,0
DA:301,0
DA:302,0
DA:304,0
DA:305,0
DA:306,0
DA:307,0
DA:311,0
DA:315,6
DA:316,6
DA:317,6
DA:321,0
DA:329,3
DA:330,3
DA:331,3
DA:333,3
DA:334,0
DA:337,3
DA:339,6
DA:340,6
DA:342,6
DA:354,0
DA:355,0
DA:357,0
DA:367,12
DA:368,0
DA:371,12
DA:373,12
DA:374,12
DA:378,0
DA:379,0
DA:381,0
DA:382,0
DA:385,0
DA:386,0
DA:387,0
DA:390,0
DA:393,0
DA:394,0
DA:397,0
DA:399,0
DA:400,0
DA:410,2
DA:411,2
DA:412,2
DA:414,2
DA:415,4
DA:416,4
DA:418,4
DA:421,0
DA:422,0
DA:424,0
DA:434,5
DA:435,1
DA:439,4
DA:440,0
DA:441,0
DA:444,0
DA:445,0
DA:446,0
DA:449,0
DA:451,0
DA:452,0
DA:456,0
DA:464,0
DA:467,0
DA:468,0
DA:470,0
DA:471,0
DA:472,0
DA:475,0
DA:476,0
DA:477,0
DA:479,0
DA:506,0
DA:508,0
DA:515,0
DA:516,0
DA:523,4
DA:524,4
DA:526,4
DA:527,4
DA:530,4
DA:531,4
DA:532,0
DA:533,0
DA:536,4
DA:537,3
DA:538,1
DA:539,1
DA:543,3
DA:544,3
DA:547,3
DA:548,3
DA:550,3
DA:556,3
DA:562,3
DA:563,0
DA:566,3
DA:568,3
DA:570,3
DA:572,3
DA:575,2
DA:576,0
DA:580,2
DA:588,4
DA:610,2
DA:612,2
DA:618,1
DA:619,1
DA:621,0
DA:632,0
DA:633,0
DA:634,0
DA:636,0
DA:637,0
DA:640,0
DA:641,0
DA:644,0
DA:645,0
DA:646,0
DA:647,0
DA:661,0
DA:662,0
DA:663,0
DA:672,0
DA:673,0
DA:674,0
DA:675,0
DA:678,0
DA:679,0
DA:680,0
DA:681,0
DA:684,0
DA:685,0
DA:686,0
DA:687,0
DA:688,0
DA:691,0
DA:692,0
DA:693,0
DA:695,0
DA:699,0
DA:700,0
DA:701,0
DA:704,0
DA:705,0
DA:706,0
DA:709,0
DA:715,0
DA:726,0
DA:728,0
DA:729,0
DA:731,0
DA:737,0
DA:739,0
DA:740,0
DA:741,0
DA:742,0
DA:744,0
DA:745,0
DA:754,5
DA:755,8
DA:764,4
DA:765,6
DA:769,12
DA:770,12
DA:787,0
DA:789,0
DA:791,0
DA:792,0
DA:796,0
DA:797,0
DA:800,0
DA:802,0
DA:803,0
DA:807,0
DA:810,0
DA:813,0
DA:815,0
DA:824,0
DA:825,0
DA:836,0
DA:838,0
DA:839,0
DA:843,0
DA:844,0
DA:847,0
DA:848,0
DA:851,0
DA:853,0
DA:855,0
DA:856,0
DA:859,0
DA:861,0
DA:868,0
DA:869,0
DA:870,0
DA:874,0
DA:875,0
DA:879,0
DA:881,0
DA:882,0
DA:898,0
DA:900,0
DA:901,0
DA:905,0
DA:906,0
DA:910,0
DA:912,0
DA:913,0
DA:917,0
DA:918,0
DA:922,0
DA:923,0
DA:926,0
DA:927,0
DA:931,0
DA:933,0
DA:934,0
DA:947,0
DA:948,0
DA:949,0
DA:951,0
DA:954,0
DA:955,0
DA:964,0
DA:973,0
DA:975,0
DA:977,0
DA:978,0
DA:981,0
DA:982,0
DA:983,0
DA:986,0
DA:988,0
DA:991,0
DA:992,0
DA:994,0
DA:995,0
DA:998,0
DA:1001,0
DA:1002,0
DA:1005,0
DA:1006,0
DA:1007,0
DA:1009,0
DA:1010,0
DA:1012,0
DA:1013,0
DA:1014,0
DA:1016,0
DA:1017,0
DA:1018,0
DA:1019,0
DA:1022,0
DA:1023,0
DA:1025,0
DA:1050,0
DA:1051,0
DA:1054,0
DA:1056,0
DA:1057,0
DA:1067,1
DA:1069,1
DA:1072,1
DA:1073,0
DA:1077,2
DA:1078,2
DA:1079,2
DA:1080,2
DA:1081,2
DA:1082,2
DA:1085,1
DA:1086,1
DA:1087,2
DA:1088,1
DA:1089,1
DA:1090,1
DA:1091,2
DA:1092,1
DA:1093,1
DA:1094,2
DA:1096,1
DA:1129,0
DA:1130,0
DA:1132,0
LF:378
LH:152
BRDA:43,0,0,27
BRDA:44,1,0,1
BRDA:49,2,0,30
BRDA:49,2,1,28
BRDA:50,3,0,30
BRDA:50,3,1,28
BRDA:59,4,0,3
BRDA:59,5,0,5
BRDA:59,5,1,4
BRDA:68,6,0,1
BRDA:68,6,1,0
BRDA:69,7,0,1
BRDA:69,7,1,0
BRDA:88,8,0,1
BRDA:101,9,0,1
BRDA:101,10,0,2
BRDA:101,10,1,1
BRDA:110,11,0,1
BRDA:110,11,1,0
BRDA:111,12,0,1
BRDA:111,12,1,0
BRDA:119,13,0,1
BRDA:119,13,1,0
BRDA:134,14,0,0
BRDA:150,15,0,1
BRDA:166,16,0,1
BRDA:182,17,0,1
BRDA:198,18,0,1
BRDA:214,19,0,0
BRDA:214,20,0,6
BRDA:214,20,1,6
BRDA:214,20,2,6
BRDA:214,20,3,6
BRDA:220,21,0,0
BRDA:231,22,0,6
BRDA:233,23,0,0
BRDA:233,23,1,6
BRDA:235,24,0,6
BRDA:235,24,1,0
BRDA:239,25,0,0
BRDA:239,25,1,6
BRDA:241,26,0,6
BRDA:241,26,1,0
BRDA:255,27,0,0
BRDA:255,27,1,0
BRDA:279,28,0,0
BRDA:279,29,0,6
BRDA:279,29,1,6
BRDA:279,29,2,6
BRDA:285,30,0,0
BRDA:285,30,1,6
BRDA:286,31,0,6
BRDA:286,31,1,0
BRDA:286,31,2,0
BRDA:290,32,0,0
BRDA:295,33,0,0
BRDA:296,34,0,0
BRDA:296,34,1,0
BRDA:305,35,0,0
BRDA:316,36,0,6
BRDA:333,37,0,0
BRDA:343,38,0,6
BRDA:343,38,1,0
BRDA:344,39,0,6
BRDA:344,39,1,0
BRDA:345,40,0,6
BRDA:345,40,1,0
BRDA:346,41,0,6
BRDA:346,41,1,0
BRDA:354,42,0,0
BRDA:367,43,0,0
BRDA:367,44,0,12
BRDA:367,44,1,12
BRDA:373,45,0,12
BRDA:381,46,0,0
BRDA:382,47,0,0
BRDA:382,47,1,0
BRDA:393,48,0,0
BRDA:393,49,0,0
BRDA:393,49,1,0
BRDA:418,50,0,4
BRDA:418,50,1,2
BRDA:421,51,0,0
BRDA:434,52,0,1
BRDA:434,53,0,5
BRDA:434,53,1,4
BRDA:439,54,0,0
BRDA:440,55,0,0
BRDA:449,56,0,0
BRDA:449,56,1,0
BRDA:451,57,0,0
BRDA:451,58,0,0
BRDA:451,58,1,0
BRDA:451,58,2,0
BRDA:451,58,3,0
BRDA:458,59,0,0
BRDA:458,59,1,0
BRDA:459,60,0,0
BRDA:459,60,1,0
BRDA:467,61,0,0
BRDA:467,62,0,0
BRDA:467,62,1,0
BRDA:470,63,0,0
BRDA:470,64,0,0
BRDA:470,64,1,0
BRDA:472,65,0,0
BRDA:475,66,0,0
BRDA:475,66,1,0
BRDA:482,67,0,0
BRDA:482,67,1,0
BRDA:483,68,0,0
BRDA:483,68,1,0
BRDA:485,69,0,0
BRDA:485,69,1,0
BRDA:486,70,0,0
BRDA:486,70,1,0
BRDA:487,71,0,0
BRDA:487,71,1,0
BRDA:488,72,0,0
BRDA:488,72,1,0
BRDA:489,73,0,0
BRDA:489,73,1,0
BRDA:490,74,0,0
BRDA:490,74,1,0
BRDA:491,75,0,0
BRDA:491,75,1,0
BRDA:492,76,0,0
BRDA:492,76,1,0
BRDA:493,77,0,0
BRDA:493,77,1,0
BRDA:494,78,0,0
BRDA:494,78,1,0
BRDA:495,79,0,0
BRDA:495,79,1,0
BRDA:496,80,0,0
BRDA:496,80,1,0
BRDA:497,81,0,0
BRDA:497,81,1,0
BRDA:498,82,0,0
BRDA:498,82,1,0
BRDA:506,83,0,0
BRDA:506,83,1,0
BRDA:506,83,2,0
BRDA:530,84,0,4
BRDA:530,84,1,0
BRDA:532,85,0,0
BRDA:536,86,0,3
BRDA:536,86,1,1
BRDA:538,87,0,1
BRDA:562,88,0,0
BRDA:562,89,0,3
BRDA:562,89,1,3
BRDA:575,90,0,0
BRDA:575,91,0,2
BRDA:575,91,1,2
BRDA:581,92,0,2
BRDA:581,92,1,0
BRDA:582,93,0,2
BRDA:582,93,1,0
BRDA:583,94,0,2
BRDA:583,94,1,0
BRDA:584,95,0,2
BRDA:584,95,1,0
BRDA:589,96,0,4
BRDA:589,96,1,0
BRDA:590,97,0,4
BRDA:590,97,1,0
BRDA:591,98,0,4
BRDA:591,98,1,0
BRDA:592,99,0,4
BRDA:592,99,1,0
BRDA:593,100,0,4
BRDA:593,100,1,0
BRDA:594,101,0,4
BRDA:594,101,1,0
BRDA:595,102,0,4
BRDA:595,102,1,0
BRDA:596,103,0,4
BRDA:596,103,1,0
BRDA:597,104,0,4
BRDA:597,104,1,0
BRDA:598,105,0,4
BRDA:598,105,1,0
BRDA:599,106,0,4
BRDA:599,106,1,0
BRDA:600,107,0,4
BRDA:600,107,1,0
BRDA:601,108,0,4
BRDA:601,108,1,0
BRDA:602,109,0,4
BRDA:602,109,1,0
BRDA:603,110,0,4
BRDA:603,110,1,0
BRDA:604,111,0,4
BRDA:604,111,1,0
BRDA:605,112,0,4
BRDA:605,112,1,0
BRDA:606,113,0,0
BRDA:606,113,1,4
BRDA:618,114,0,1
BRDA:640,115,0,0
BRDA:646,116,0,0
BRDA:661,117,0,0
BRDA:664,118,0,0
BRDA:664,118,1,0
BRDA:665,119,0,0
BRDA:665,119,1,0
BRDA:666,120,0,0
BRDA:666,120,1,0
BRDA:667,121,0,0
BRDA:667,121,1,0
BRDA:681,122,0,0
BRDA:681,122,1,0
BRDA:706,123,0,0
BRDA:706,123,1,0
BRDA:728,124,0,0
BRDA:737,125,0,0
BRDA:754,126,0,1
BRDA:754,127,0,5
BRDA:754,127,1,5
BRDA:764,128,0,1
BRDA:764,129,0,4
BRDA:764,129,1,4
BRDA:769,130,0,0
BRDA:770,131,0,0
BRDA:770,131,1,12
BRDA:789,132,0,0
BRDA:789,132,1,0
BRDA:791,133,0,0
BRDA:791,134,0,0
BRDA:791,134,1,0
BRDA:800,135,0,0
BRDA:800,135,1,0
BRDA:802,136,0,0
BRDA:802,137,0,0
BRDA:802,137,1,0
BRDA:802,137,2,0
BRDA:810,138,0,0
BRDA:810,138,1,0
BRDA:813,139,0,0
BRDA:813,139,1,0
BRDA:813,139,2,0
BRDA:817,140,0,0
BRDA:817,140,1,0
BRDA:818,141,0,0
BRDA:818,141,1,0
BRDA:838,142,0,0
BRDA:838,143,0,0
BRDA:838,143,1,0
BRDA:843,144,0,0
BRDA:843,145,0,0
BRDA:843,145,1,0
BRDA:853,146,0,0
BRDA:853,147,0,0
BRDA:853,147,1,0
BRDA:859,148,0,0
BRDA:859,149,0,0
BRDA:859,149,1,0
BRDA:868,150,0,0
BRDA:874,151,0,0
BRDA:900,152,0,0
BRDA:900,153,0,0
BRDA:900,153,1,0
BRDA:905,154,0,0
BRDA:905,155,0,0
BRDA:905,155,1,0
BRDA:912,156,0,0
BRDA:917,157,0,0
BRDA:917,158,0,0
BRDA:917,158,1,0
BRDA:926,159,0,0
BRDA:926,160,0,0
BRDA:926,160,1,0
BRDA:975,161,0,0
BRDA:975,161,1,0
BRDA:977,162,0,0
BRDA:977,163,0,0
BRDA:977,163,1,0
BRDA:988,164,0,0
BRDA:988,165,0,0
BRDA:988,165,1,0
BRDA:992,166,0,0
BRDA:995,167,0,0
BRDA:1001,168,0,0
BRDA:1005,169,0,0
BRDA:1005,169,1,0
BRDA:1006,170,0,0
BRDA:1006,170,1,0
BRDA:1009,171,0,0
BRDA:1009,171,1,0
BRDA:1012,172,0,0
BRDA:1012,172,1,0
BRDA:1013,173,0,0
BRDA:1013,173,1,0
BRDA:1041,174,0,0
BRDA:1041,174,1,0
BRDA:1042,175,0,0
BRDA:1042,175,1,0
BRDA:1043,176,0,0
BRDA:1043,176,1,0
BRDA:1050,177,0,0
BRDA:1072,178,0,0
BRDA:1072,179,0,1
BRDA:1072,179,1,1
BRDA:1129,180,0,0
BRF:305
BRH:89
end_of_record
TN:
SF:src\lib\constants.ts
FNF:0
FNH:0
DA:6,4
DA:9,4
DA:12,4
DA:36,4
DA:102,4
DA:113,4
DA:166,4
LF:7
LH:7
BRF:0
BRH:0
end_of_record
TN:
SF:src\lib\utils.ts
FN:15,fetchAemetData
FN:90,(anonymous_2)
FN:128,(anonymous_3)
FN:168,getSkyStateDescription
FN:177,formatDate
FN:187,getDayForecast
FN:204,(anonymous_7)
FNF:7
FNH:5
FNDA:6,fetchAemetData
FNDA:0,(anonymous_2)
FNDA:0,(anonymous_3)
FNDA:5,getSkyStateDescription
FNDA:9,formatDate
FNDA:8,getDayForecast
FNDA:11,(anonymous_7)
DA:5,4
DA:6,4
DA:15,4
DA:16,6
DA:17,6
DA:18,6
DA:20,6
DA:21,6
DA:22,6
DA:25,6
DA:35,4
DA:36,1
DA:40,3
DA:41,3
DA:44,0
DA:45,0
DA:47,0
DA:51,3
DA:55,3
DA:56,3
DA:57,3
DA:58,1
DA:62,2
DA:63,2
DA:64,2
DA:65,2
DA:74,1
DA:75,1
DA:78,1
DA:79,1
DA:81,0
DA:86,1
DA:87,1
DA:88,0
DA:90,0
DA:91,0
DA:92,0
DA:94,0
DA:98,0
DA:101,1
DA:103,1
DA:104,1
DA:105,1
DA:107,1
DA:111,0
DA:112,0
DA:115,0
DA:118,5
DA:121,5
DA:122,5
DA:124,5
DA:125,0
DA:127,0
DA:128,0
DA:129,0
DA:130,0
DA:133,5
DA:134,2
DA:136,2
DA:138,1
DA:139,1
DA:141,0
DA:142,0
DA:144,0
DA:147,1
DA:149,1
DA:150,1
DA:152,0
DA:155,3
DA:160,0
DA:168,4
DA:169,5
DA:177,4
DA:178,9
DA:187,4
DA:188,8
DA:189,3
DA:190,3
DA:191,3
DA:194,8
DA:195,1
DA:198,7
DA:200,7
DA:201,2
DA:204,11
LF:85
LH:62
BRDA:15,0,0,0
BRDA:35,1,0,1
BRDA:35,2,0,4
BRDA:35,2,1,4
BRDA:35,2,2,3
BRDA:35,2,3,3
BRDA:41,3,0,0
BRDA:41,4,0,3
BRDA:41,4,1,3
BRDA:41,4,2,0
BRDA:55,5,0,3
BRDA:55,5,1,0
BRDA:57,6,0,1
BRDA:62,7,0,2
BRDA:62,7,1,0
BRDA:62,8,0,2
BRDA:62,8,1,2
BRDA:62,8,2,2
BRDA:75,9,0,1
BRDA:75,10,0,1
BRDA:75,10,1,1
BRDA:75,10,2,1
BRDA:75,10,3,1
BRDA:86,11,0,1
BRDA:86,11,1,0
BRDA:86,12,0,1
BRDA:86,12,1,1
BRDA:88,13,0,0
BRDA:88,13,1,0
BRDA:91,14,0,0
BRDA:91,15,0,0
BRDA:91,15,1,0
BRDA:104,16,0,1
BRDA:104,17,0,1
BRDA:104,17,1,1
BRDA:107,18,0,1
BRDA:107,18,1,0
BRDA:115,19,0,0
BRDA:115,19,1,0
BRDA:115,20,0,0
BRDA:115,20,1,0
BRDA:118,21,0,5
BRDA:118,21,1,0
BRDA:121,22,0,5
BRDA:121,22,1,0
BRDA:124,23,0,0
BRDA:124,24,0,5
BRDA:124,24,1,0
BRDA:133,25,0,2
BRDA:136,26,0,1
BRDA:136,26,1,1
BRDA:139,27,0,0
BRDA:139,27,1,1
BRDA:139,28,0,1
BRDA:139,28,1,1
BRDA:141,29,0,0
BRDA:141,29,1,0
BRDA:149,30,0,1
BRDA:149,30,1,0
BRDA:160,31,0,0
BRDA:160,31,1,0
BRDA:169,32,0,5
BRDA:169,32,1,2
BRDA:188,33,0,3
BRDA:194,34,0,1
BRDA:194,35,0,8
BRDA:194,35,1,8
BRDA:200,36,0,2
BRDA:200,37,0,7
BRDA:200,37,1,6
BRDA:204,38,0,11
BRDA:204,38,1,11
BRF:72
BRH:46
end_of_record
